2021-10-06 17:08:02.4259|10400|WARN|Microsoft.EntityFrameworkCore.Model.Validation|Sensitive data logging is enabled. Log entries and exception messages may include sensitive application data; this mode should only be enabled during development. |url: |action: 
2021-10-06 17:08:49.6188|10400|WARN|Microsoft.EntityFrameworkCore.Model.Validation|Sensitive data logging is enabled. Log entries and exception messages may include sensitive application data; this mode should only be enabled during development. |url: |action: 
2021-10-06 17:09:18.4540|10400|WARN|Microsoft.EntityFrameworkCore.Model.Validation|Sensitive data logging is enabled. Log entries and exception messages may include sensitive application data; this mode should only be enabled during development. |url: |action: 
2021-10-06 17:11:58.5534|10400|WARN|Microsoft.EntityFrameworkCore.Model.Validation|Sensitive data logging is enabled. Log entries and exception messages may include sensitive application data; this mode should only be enabled during development. |url: |action: 
2021-10-06 17:12:25.1650|10400|WARN|Microsoft.EntityFrameworkCore.Model.Validation|Sensitive data logging is enabled. Log entries and exception messages may include sensitive application data; this mode should only be enabled during development. |url: |action: 
2021-10-06 17:12:58.4252|10400|WARN|Microsoft.EntityFrameworkCore.Model.Validation|Sensitive data logging is enabled. Log entries and exception messages may include sensitive application data; this mode should only be enabled during development. |url: |action: 
2021-10-06 17:13:25.1935|10400|WARN|Microsoft.EntityFrameworkCore.Model.Validation|Sensitive data logging is enabled. Log entries and exception messages may include sensitive application data; this mode should only be enabled during development. |url: |action: 
2021-10-06 17:13:50.8394|10400|WARN|Microsoft.EntityFrameworkCore.Model.Validation|Sensitive data logging is enabled. Log entries and exception messages may include sensitive application data; this mode should only be enabled during development. |url: |action: 
2021-10-06 17:15:08.9720|10400|WARN|Microsoft.EntityFrameworkCore.Model.Validation|Sensitive data logging is enabled. Log entries and exception messages may include sensitive application data; this mode should only be enabled during development. |url: |action: 
2021-10-06 17:15:43.0373|10400|WARN|Microsoft.EntityFrameworkCore.Model.Validation|Sensitive data logging is enabled. Log entries and exception messages may include sensitive application data; this mode should only be enabled during development. |url: |action: 
2021-10-06 17:16:16.4362|10400|WARN|Microsoft.EntityFrameworkCore.Model.Validation|Sensitive data logging is enabled. Log entries and exception messages may include sensitive application data; this mode should only be enabled during development. |url: |action: 
2021-10-06 17:16:45.8219|10400|WARN|Microsoft.EntityFrameworkCore.Model.Validation|Sensitive data logging is enabled. Log entries and exception messages may include sensitive application data; this mode should only be enabled during development. |url: |action: 
2021-10-06 17:17:19.4070|10400|WARN|Microsoft.EntityFrameworkCore.Model.Validation|Sensitive data logging is enabled. Log entries and exception messages may include sensitive application data; this mode should only be enabled during development. |url: |action: 
2021-10-06 17:17:48.9768|10400|WARN|Microsoft.EntityFrameworkCore.Model.Validation|Sensitive data logging is enabled. Log entries and exception messages may include sensitive application data; this mode should only be enabled during development. |url: |action: 
2021-10-06 17:18:18.7541|10400|WARN|Microsoft.EntityFrameworkCore.Model.Validation|Sensitive data logging is enabled. Log entries and exception messages may include sensitive application data; this mode should only be enabled during development. |url: |action: 
2021-10-06 17:18:52.6232|10400|WARN|Microsoft.EntityFrameworkCore.Model.Validation|Sensitive data logging is enabled. Log entries and exception messages may include sensitive application data; this mode should only be enabled during development. |url: |action: 
2021-10-06 17:19:37.3142|10400|WARN|Microsoft.EntityFrameworkCore.Model.Validation|Sensitive data logging is enabled. Log entries and exception messages may include sensitive application data; this mode should only be enabled during development. |url: |action: 
2021-10-06 17:20:07.1881|10400|WARN|Microsoft.EntityFrameworkCore.Model.Validation|Sensitive data logging is enabled. Log entries and exception messages may include sensitive application data; this mode should only be enabled during development. |url: |action: 
2021-10-06 18:11:53.0994|10400|WARN|Microsoft.EntityFrameworkCore.Model.Validation|Sensitive data logging is enabled. Log entries and exception messages may include sensitive application data; this mode should only be enabled during development. |url: |action: 
2021-10-06 18:13:02.6011|10400|WARN|Microsoft.EntityFrameworkCore.Model.Validation|Sensitive data logging is enabled. Log entries and exception messages may include sensitive application data; this mode should only be enabled during development. |url: |action: 
2021-10-06 18:25:41.3841||DEBUG|VuonDau.WebApi.Program|init main |url: |action: 
2021-10-06 18:25:44.7957|10400|WARN|Microsoft.EntityFrameworkCore.Model.Validation|Sensitive data logging is enabled. Log entries and exception messages may include sensitive application data; this mode should only be enabled during development. |url: |action: 
2021-10-06 18:25:45.7650||INFO|Microsoft.Hosting.Lifetime|Application started. Press Ctrl+C to shut down. |url: |action: 
2021-10-06 18:25:45.7650||INFO|Microsoft.Hosting.Lifetime|Hosting environment: Development |url: |action: 
2021-10-06 18:25:45.7723||INFO|Microsoft.Hosting.Lifetime|Content root path: C:\Users\vuong\Desktop\SWR-VuonDauBE\VuonDau.WebApi |url: |action: 
2021-10-06 19:43:44.9663||DEBUG|VuonDau.WebApi.Program|init main |url: |action: 
2021-10-06 19:43:47.7687|10400|WARN|Microsoft.EntityFrameworkCore.Model.Validation|Sensitive data logging is enabled. Log entries and exception messages may include sensitive application data; this mode should only be enabled during development. |url: |action: 
2021-10-06 19:43:48.4370||INFO|Microsoft.Hosting.Lifetime|Application started. Press Ctrl+C to shut down. |url: |action: 
2021-10-06 19:43:48.4370||INFO|Microsoft.Hosting.Lifetime|Hosting environment: Development |url: |action: 
2021-10-06 19:43:48.4544||INFO|Microsoft.Hosting.Lifetime|Content root path: C:\Users\vuong\Desktop\SWR-VuonDauBE\VuonDau.WebApi |url: |action: 
2021-10-06 19:45:37.0129||DEBUG|VuonDau.WebApi.Program|init main |url: |action: 
2021-10-06 19:45:39.1539|10400|WARN|Microsoft.EntityFrameworkCore.Model.Validation|Sensitive data logging is enabled. Log entries and exception messages may include sensitive application data; this mode should only be enabled during development. |url: |action: 
2021-10-06 19:45:39.6679||INFO|Microsoft.Hosting.Lifetime|Application started. Press Ctrl+C to shut down. |url: |action: 
2021-10-06 19:45:39.6679||INFO|Microsoft.Hosting.Lifetime|Hosting environment: Development |url: |action: 
2021-10-06 19:45:39.6815||INFO|Microsoft.Hosting.Lifetime|Content root path: C:\Users\vuong\Desktop\SWR-VuonDauBE\VuonDau.WebApi |url: |action: 
2021-10-06 19:47:52.9780||DEBUG|VuonDau.WebApi.Program|init main |url: |action: 
2021-10-06 19:47:55.5803|10400|WARN|Microsoft.EntityFrameworkCore.Model.Validation|Sensitive data logging is enabled. Log entries and exception messages may include sensitive application data; this mode should only be enabled during development. |url: |action: 
2021-10-06 19:47:56.2459||INFO|Microsoft.Hosting.Lifetime|Application started. Press Ctrl+C to shut down. |url: |action: 
2021-10-06 19:47:56.2459||INFO|Microsoft.Hosting.Lifetime|Hosting environment: Development |url: |action: 
2021-10-06 19:47:56.2560||INFO|Microsoft.Hosting.Lifetime|Content root path: C:\Users\vuong\Desktop\SWR-VuonDauBE\VuonDau.WebApi |url: |action: 
2021-10-06 19:55:44.4164||DEBUG|VuonDau.WebApi.Program|init main |url: |action: 
2021-10-06 19:55:46.4299|10400|WARN|Microsoft.EntityFrameworkCore.Model.Validation|Sensitive data logging is enabled. Log entries and exception messages may include sensitive application data; this mode should only be enabled during development. |url: |action: 
2021-10-06 19:55:46.9861||INFO|Microsoft.Hosting.Lifetime|Application started. Press Ctrl+C to shut down. |url: |action: 
2021-10-06 19:55:46.9900||INFO|Microsoft.Hosting.Lifetime|Hosting environment: Development |url: |action: 
2021-10-06 19:55:46.9900||INFO|Microsoft.Hosting.Lifetime|Content root path: C:\Users\vuong\Desktop\SWR-VuonDauBE\VuonDau.WebApi |url: |action: 
2021-10-06 19:56:33.2371||DEBUG|VuonDau.WebApi.Program|init main |url: |action: 
2021-10-06 19:56:35.4564|10400|WARN|Microsoft.EntityFrameworkCore.Model.Validation|Sensitive data logging is enabled. Log entries and exception messages may include sensitive application data; this mode should only be enabled during development. |url: |action: 
2021-10-06 19:56:35.9814||INFO|Microsoft.Hosting.Lifetime|Application started. Press Ctrl+C to shut down. |url: |action: 
2021-10-06 19:56:35.9814||INFO|Microsoft.Hosting.Lifetime|Hosting environment: Development |url: |action: 
2021-10-06 19:56:35.9933||INFO|Microsoft.Hosting.Lifetime|Content root path: C:\Users\vuong\Desktop\SWR-VuonDauBE\VuonDau.WebApi |url: |action: 
2021-10-06 19:57:09.0499||DEBUG|VuonDau.WebApi.Program|init main |url: |action: 
2021-10-06 19:57:11.2834|10400|WARN|Microsoft.EntityFrameworkCore.Model.Validation|Sensitive data logging is enabled. Log entries and exception messages may include sensitive application data; this mode should only be enabled during development. |url: |action: 
2021-10-06 19:57:11.8255||INFO|Microsoft.Hosting.Lifetime|Application started. Press Ctrl+C to shut down. |url: |action: 
2021-10-06 19:57:11.8255||INFO|Microsoft.Hosting.Lifetime|Hosting environment: Development |url: |action: 
2021-10-06 19:57:11.8255||INFO|Microsoft.Hosting.Lifetime|Content root path: C:\Users\vuong\Desktop\SWR-VuonDauBE\VuonDau.WebApi |url: |action: 
2021-10-06 19:58:55.2186||DEBUG|VuonDau.WebApi.Program|init main |url: |action: 
2021-10-06 19:58:57.3136|10400|WARN|Microsoft.EntityFrameworkCore.Model.Validation|Sensitive data logging is enabled. Log entries and exception messages may include sensitive application data; this mode should only be enabled during development. |url: |action: 
2021-10-06 19:58:57.8345||INFO|Microsoft.Hosting.Lifetime|Application started. Press Ctrl+C to shut down. |url: |action: 
2021-10-06 19:58:57.8345||INFO|Microsoft.Hosting.Lifetime|Hosting environment: Development |url: |action: 
2021-10-06 19:58:57.8521||INFO|Microsoft.Hosting.Lifetime|Content root path: C:\Users\vuong\Desktop\SWR-VuonDauBE\VuonDau.WebApi |url: |action: 
2021-10-06 20:04:37.1219||DEBUG|VuonDau.WebApi.Program|init main |url: |action: 
2021-10-06 20:04:39.2444|10400|WARN|Microsoft.EntityFrameworkCore.Model.Validation|Sensitive data logging is enabled. Log entries and exception messages may include sensitive application data; this mode should only be enabled during development. |url: |action: 
2021-10-06 20:04:39.8111||INFO|Microsoft.Hosting.Lifetime|Application started. Press Ctrl+C to shut down. |url: |action: 
2021-10-06 20:04:39.8212||INFO|Microsoft.Hosting.Lifetime|Hosting environment: Development |url: |action: 
2021-10-06 20:04:39.8212||INFO|Microsoft.Hosting.Lifetime|Content root path: C:\Users\vuong\Desktop\SWR-VuonDauBE\VuonDau.WebApi |url: |action: 
2021-10-06 20:09:17.4630||DEBUG|VuonDau.WebApi.Program|init main |url: |action: 
2021-10-06 20:09:19.5667|10400|WARN|Microsoft.EntityFrameworkCore.Model.Validation|Sensitive data logging is enabled. Log entries and exception messages may include sensitive application data; this mode should only be enabled during development. |url: |action: 
2021-10-06 20:09:20.0813||INFO|Microsoft.Hosting.Lifetime|Application started. Press Ctrl+C to shut down. |url: |action: 
2021-10-06 20:09:20.0900||INFO|Microsoft.Hosting.Lifetime|Hosting environment: Development |url: |action: 
2021-10-06 20:09:20.0900||INFO|Microsoft.Hosting.Lifetime|Content root path: C:\Users\vuong\Desktop\SWR-VuonDauBE\VuonDau.WebApi |url: |action: 
2021-10-06 20:09:50.9990||DEBUG|VuonDau.WebApi.Program|init main |url: |action: 
2021-10-06 20:09:53.0469|10400|WARN|Microsoft.EntityFrameworkCore.Model.Validation|Sensitive data logging is enabled. Log entries and exception messages may include sensitive application data; this mode should only be enabled during development. |url: |action: 
2021-10-06 20:09:53.5963||INFO|Microsoft.Hosting.Lifetime|Application started. Press Ctrl+C to shut down. |url: |action: 
2021-10-06 20:09:53.6067||INFO|Microsoft.Hosting.Lifetime|Hosting environment: Development |url: |action: 
2021-10-06 20:09:53.6067||INFO|Microsoft.Hosting.Lifetime|Content root path: C:\Users\vuong\Desktop\SWR-VuonDauBE\VuonDau.WebApi |url: |action: 
2021-10-06 20:30:53.3647||DEBUG|VuonDau.WebApi.Program|init main |url: |action: 
2021-10-06 20:30:55.7688|10400|WARN|Microsoft.EntityFrameworkCore.Model.Validation|Sensitive data logging is enabled. Log entries and exception messages may include sensitive application data; this mode should only be enabled during development. |url: |action: 
2021-10-06 20:30:56.4145||INFO|Microsoft.Hosting.Lifetime|Application started. Press Ctrl+C to shut down. |url: |action: 
2021-10-06 20:30:56.4145||INFO|Microsoft.Hosting.Lifetime|Hosting environment: Development |url: |action: 
2021-10-06 20:30:56.4295||INFO|Microsoft.Hosting.Lifetime|Content root path: C:\Users\vuong\Desktop\SWR-VuonDauBE\VuonDau.WebApi |url: |action: 
2021-10-06 20:31:50.4130||DEBUG|VuonDau.WebApi.Program|init main |url: |action: 
2021-10-06 20:31:52.2928|10400|WARN|Microsoft.EntityFrameworkCore.Model.Validation|Sensitive data logging is enabled. Log entries and exception messages may include sensitive application data; this mode should only be enabled during development. |url: |action: 
2021-10-06 20:31:52.8244||INFO|Microsoft.Hosting.Lifetime|Application started. Press Ctrl+C to shut down. |url: |action: 
2021-10-06 20:31:52.8244||INFO|Microsoft.Hosting.Lifetime|Hosting environment: Development |url: |action: 
2021-10-06 20:31:52.8345||INFO|Microsoft.Hosting.Lifetime|Content root path: C:\Users\vuong\Desktop\SWR-VuonDauBE\VuonDau.WebApi |url: |action: 
2021-10-06 20:33:07.2474||DEBUG|VuonDau.WebApi.Program|init main |url: |action: 
2021-10-06 20:33:09.4736|10400|WARN|Microsoft.EntityFrameworkCore.Model.Validation|Sensitive data logging is enabled. Log entries and exception messages may include sensitive application data; this mode should only be enabled during development. |url: |action: 
2021-10-06 20:33:10.0005||INFO|Microsoft.Hosting.Lifetime|Application started. Press Ctrl+C to shut down. |url: |action: 
2021-10-06 20:33:10.0005||INFO|Microsoft.Hosting.Lifetime|Hosting environment: Development |url: |action: 
2021-10-06 20:33:10.0110||INFO|Microsoft.Hosting.Lifetime|Content root path: C:\Users\vuong\Desktop\SWR-VuonDauBE\VuonDau.WebApi |url: |action: 
2021-10-06 20:33:32.8482||DEBUG|VuonDau.WebApi.Program|init main |url: |action: 
2021-10-06 20:33:34.8704|10400|WARN|Microsoft.EntityFrameworkCore.Model.Validation|Sensitive data logging is enabled. Log entries and exception messages may include sensitive application data; this mode should only be enabled during development. |url: |action: 
2021-10-06 20:33:35.3934||INFO|Microsoft.Hosting.Lifetime|Application started. Press Ctrl+C to shut down. |url: |action: 
2021-10-06 20:33:35.3934||INFO|Microsoft.Hosting.Lifetime|Hosting environment: Development |url: |action: 
2021-10-06 20:33:35.4008||INFO|Microsoft.Hosting.Lifetime|Content root path: C:\Users\vuong\Desktop\SWR-VuonDauBE\VuonDau.WebApi |url: |action: 
2021-10-06 20:34:53.4536||DEBUG|VuonDau.WebApi.Program|init main |url: |action: 
2021-10-06 20:34:55.4253|10400|WARN|Microsoft.EntityFrameworkCore.Model.Validation|Sensitive data logging is enabled. Log entries and exception messages may include sensitive application data; this mode should only be enabled during development. |url: |action: 
2021-10-06 20:34:55.9876||INFO|Microsoft.Hosting.Lifetime|Application started. Press Ctrl+C to shut down. |url: |action: 
2021-10-06 20:34:55.9951||INFO|Microsoft.Hosting.Lifetime|Hosting environment: Development |url: |action: 
2021-10-06 20:34:55.9951||INFO|Microsoft.Hosting.Lifetime|Content root path: C:\Users\vuong\Desktop\SWR-VuonDauBE\VuonDau.WebApi |url: |action: 
2021-10-06 20:39:52.5314||DEBUG|VuonDau.WebApi.Program|init main |url: |action: 
2021-10-06 20:39:54.6989|10400|WARN|Microsoft.EntityFrameworkCore.Model.Validation|Sensitive data logging is enabled. Log entries and exception messages may include sensitive application data; this mode should only be enabled during development. |url: |action: 
2021-10-06 20:39:55.2454||INFO|Microsoft.Hosting.Lifetime|Application started. Press Ctrl+C to shut down. |url: |action: 
2021-10-06 20:39:55.2454||INFO|Microsoft.Hosting.Lifetime|Hosting environment: Development |url: |action: 
2021-10-06 20:39:55.2599||INFO|Microsoft.Hosting.Lifetime|Content root path: C:\Users\vuong\Desktop\SWR-VuonDauBE\VuonDau.WebApi |url: |action: 
2021-10-06 20:48:58.4918||DEBUG|VuonDau.WebApi.Program|init main |url: |action: 
2021-10-06 20:49:01.5415|10400|WARN|Microsoft.EntityFrameworkCore.Model.Validation|Sensitive data logging is enabled. Log entries and exception messages may include sensitive application data; this mode should only be enabled during development. |url: |action: 
2021-10-06 20:49:02.2526||INFO|Microsoft.Hosting.Lifetime|Application started. Press Ctrl+C to shut down. |url: |action: 
2021-10-06 20:49:02.2583||INFO|Microsoft.Hosting.Lifetime|Hosting environment: Development |url: |action: 
2021-10-06 20:49:02.2721||INFO|Microsoft.Hosting.Lifetime|Content root path: C:\Users\vuong\Desktop\SWR-VuonDauBE\VuonDau.WebApi |url: |action: 
2021-10-06 20:50:22.7389||DEBUG|VuonDau.WebApi.Program|init main |url: |action: 
2021-10-06 20:50:24.9986|10400|WARN|Microsoft.EntityFrameworkCore.Model.Validation|Sensitive data logging is enabled. Log entries and exception messages may include sensitive application data; this mode should only be enabled during development. |url: |action: 
2021-10-06 20:50:25.5238||INFO|Microsoft.Hosting.Lifetime|Application started. Press Ctrl+C to shut down. |url: |action: 
2021-10-06 20:50:25.5238||INFO|Microsoft.Hosting.Lifetime|Hosting environment: Development |url: |action: 
2021-10-06 20:50:25.5238||INFO|Microsoft.Hosting.Lifetime|Content root path: C:\Users\vuong\Desktop\SWR-VuonDauBE\VuonDau.WebApi |url: |action: 
2021-10-06 20:51:23.0351||DEBUG|VuonDau.WebApi.Program|init main |url: |action: 
2021-10-06 20:51:25.1741|10400|WARN|Microsoft.EntityFrameworkCore.Model.Validation|Sensitive data logging is enabled. Log entries and exception messages may include sensitive application data; this mode should only be enabled during development. |url: |action: 
2021-10-06 20:51:25.6916||INFO|Microsoft.Hosting.Lifetime|Application started. Press Ctrl+C to shut down. |url: |action: 
2021-10-06 20:51:25.6924||INFO|Microsoft.Hosting.Lifetime|Hosting environment: Development |url: |action: 
2021-10-06 20:51:25.6924||INFO|Microsoft.Hosting.Lifetime|Content root path: C:\Users\vuong\Desktop\SWR-VuonDauBE\VuonDau.WebApi |url: |action: 
2021-10-06 21:06:53.7485||DEBUG|VuonDau.WebApi.Program|init main |url: |action: 
2021-10-06 21:06:57.2392|10400|WARN|Microsoft.EntityFrameworkCore.Model.Validation|Sensitive data logging is enabled. Log entries and exception messages may include sensitive application data; this mode should only be enabled during development. |url: |action: 
2021-10-06 21:06:58.0844||INFO|Microsoft.Hosting.Lifetime|Application started. Press Ctrl+C to shut down. |url: |action: 
2021-10-06 21:06:58.1006||INFO|Microsoft.Hosting.Lifetime|Hosting environment: Development |url: |action: 
2021-10-06 21:06:58.1006||INFO|Microsoft.Hosting.Lifetime|Content root path: C:\Users\vuong\Desktop\SWR-VuonDauBE\VuonDau.WebApi |url: |action: 
2021-10-06 21:08:05.5873||DEBUG|VuonDau.WebApi.Program|init main |url: |action: 
2021-10-06 21:08:07.6267|10400|WARN|Microsoft.EntityFrameworkCore.Model.Validation|Sensitive data logging is enabled. Log entries and exception messages may include sensitive application data; this mode should only be enabled during development. |url: |action: 
2021-10-06 21:08:08.3181||INFO|Microsoft.Hosting.Lifetime|Application started. Press Ctrl+C to shut down. |url: |action: 
2021-10-06 21:08:08.3181||INFO|Microsoft.Hosting.Lifetime|Hosting environment: Development |url: |action: 
2021-10-06 21:08:08.3337||INFO|Microsoft.Hosting.Lifetime|Content root path: C:\Users\vuong\Desktop\SWR-VuonDauBE\VuonDau.WebApi |url: |action: 
2021-10-06 21:08:43.0784||DEBUG|VuonDau.WebApi.Program|init main |url: |action: 
2021-10-06 21:08:45.5006|10400|WARN|Microsoft.EntityFrameworkCore.Model.Validation|Sensitive data logging is enabled. Log entries and exception messages may include sensitive application data; this mode should only be enabled during development. |url: |action: 
2021-10-06 21:08:46.0956||INFO|Microsoft.Hosting.Lifetime|Application started. Press Ctrl+C to shut down. |url: |action: 
2021-10-06 21:08:46.1089||INFO|Microsoft.Hosting.Lifetime|Hosting environment: Development |url: |action: 
2021-10-06 21:08:46.1162||INFO|Microsoft.Hosting.Lifetime|Content root path: C:\Users\vuong\Desktop\SWR-VuonDauBE\VuonDau.WebApi |url: |action: 
2021-10-06 21:10:02.7479||DEBUG|VuonDau.WebApi.Program|init main |url: |action: 
2021-10-06 21:10:05.1545|10400|WARN|Microsoft.EntityFrameworkCore.Model.Validation|Sensitive data logging is enabled. Log entries and exception messages may include sensitive application data; this mode should only be enabled during development. |url: |action: 
2021-10-06 21:10:05.7090||INFO|Microsoft.Hosting.Lifetime|Application started. Press Ctrl+C to shut down. |url: |action: 
2021-10-06 21:10:05.7090||INFO|Microsoft.Hosting.Lifetime|Hosting environment: Development |url: |action: 
2021-10-06 21:10:05.7090||INFO|Microsoft.Hosting.Lifetime|Content root path: C:\Users\vuong\Desktop\SWR-VuonDauBE\VuonDau.WebApi |url: |action: 
2021-10-06 21:12:24.9547||DEBUG|VuonDau.WebApi.Program|init main |url: |action: 
2021-10-06 21:12:26.9717|10400|WARN|Microsoft.EntityFrameworkCore.Model.Validation|Sensitive data logging is enabled. Log entries and exception messages may include sensitive application data; this mode should only be enabled during development. |url: |action: 
2021-10-06 21:12:27.5092||INFO|Microsoft.Hosting.Lifetime|Application started. Press Ctrl+C to shut down. |url: |action: 
2021-10-06 21:12:27.5092||INFO|Microsoft.Hosting.Lifetime|Hosting environment: Development |url: |action: 
2021-10-06 21:12:27.5241||INFO|Microsoft.Hosting.Lifetime|Content root path: C:\Users\vuong\Desktop\SWR-VuonDauBE\VuonDau.WebApi |url: |action: 
2021-10-06 21:13:36.6915||DEBUG|VuonDau.WebApi.Program|init main |url: |action: 
2021-10-06 21:13:39.0409|10400|WARN|Microsoft.EntityFrameworkCore.Model.Validation|Sensitive data logging is enabled. Log entries and exception messages may include sensitive application data; this mode should only be enabled during development. |url: |action: 
2021-10-06 21:13:39.6452||INFO|Microsoft.Hosting.Lifetime|Application started. Press Ctrl+C to shut down. |url: |action: 
2021-10-06 21:13:39.6529||INFO|Microsoft.Hosting.Lifetime|Hosting environment: Development |url: |action: 
2021-10-06 21:13:39.6529||INFO|Microsoft.Hosting.Lifetime|Content root path: C:\Users\vuong\Desktop\SWR-VuonDauBE\VuonDau.WebApi |url: |action: 
2021-10-06 21:15:31.6908||DEBUG|VuonDau.WebApi.Program|init main |url: |action: 
2021-10-06 21:15:33.6845|10400|WARN|Microsoft.EntityFrameworkCore.Model.Validation|Sensitive data logging is enabled. Log entries and exception messages may include sensitive application data; this mode should only be enabled during development. |url: |action: 
2021-10-06 21:15:34.1935||INFO|Microsoft.Hosting.Lifetime|Application started. Press Ctrl+C to shut down. |url: |action: 
2021-10-06 21:15:34.1935||INFO|Microsoft.Hosting.Lifetime|Hosting environment: Development |url: |action: 
2021-10-06 21:15:34.1935||INFO|Microsoft.Hosting.Lifetime|Content root path: C:\Users\vuong\Desktop\SWR-VuonDauBE\VuonDau.WebApi |url: |action: 
2021-10-06 21:17:22.3540||DEBUG|VuonDau.WebApi.Program|init main |url: |action: 
2021-10-06 21:17:25.3697|10400|WARN|Microsoft.EntityFrameworkCore.Model.Validation|Sensitive data logging is enabled. Log entries and exception messages may include sensitive application data; this mode should only be enabled during development. |url: |action: 
2021-10-06 21:17:25.9516||INFO|Microsoft.Hosting.Lifetime|Application started. Press Ctrl+C to shut down. |url: |action: 
2021-10-06 21:17:25.9516||INFO|Microsoft.Hosting.Lifetime|Hosting environment: Development |url: |action: 
2021-10-06 21:17:25.9604||INFO|Microsoft.Hosting.Lifetime|Content root path: C:\Users\vuong\Desktop\SWR-VuonDauBE\VuonDau.WebApi |url: |action: 
2021-10-06 21:40:27.5283||DEBUG|VuonDau.WebApi.Program|init main |url: |action: 
2021-10-06 21:40:30.2733|10400|WARN|Microsoft.EntityFrameworkCore.Model.Validation|Sensitive data logging is enabled. Log entries and exception messages may include sensitive application data; this mode should only be enabled during development. |url: |action: 
2021-10-06 21:40:30.8936||INFO|Microsoft.Hosting.Lifetime|Application started. Press Ctrl+C to shut down. |url: |action: 
2021-10-06 21:40:30.8936||INFO|Microsoft.Hosting.Lifetime|Hosting environment: Development |url: |action: 
2021-10-06 21:40:30.8966||INFO|Microsoft.Hosting.Lifetime|Content root path: C:\Users\vuong\Desktop\SWR-VuonDauBE\VuonDau.WebApi |url: |action: 
2021-10-06 21:41:58.6906||DEBUG|VuonDau.WebApi.Program|init main |url: |action: 
2021-10-06 21:42:00.7723|10400|WARN|Microsoft.EntityFrameworkCore.Model.Validation|Sensitive data logging is enabled. Log entries and exception messages may include sensitive application data; this mode should only be enabled during development. |url: |action: 
2021-10-06 21:42:01.2718||INFO|Microsoft.Hosting.Lifetime|Application started. Press Ctrl+C to shut down. |url: |action: 
2021-10-06 21:42:01.2718||INFO|Microsoft.Hosting.Lifetime|Hosting environment: Development |url: |action: 
2021-10-06 21:42:01.2861||INFO|Microsoft.Hosting.Lifetime|Content root path: C:\Users\vuong\Desktop\SWR-VuonDauBE\VuonDau.WebApi |url: |action: 
2021-10-06 21:46:54.1983||DEBUG|VuonDau.WebApi.Program|init main |url: |action: 
2021-10-06 21:46:56.1656|10400|WARN|Microsoft.EntityFrameworkCore.Model.Validation|Sensitive data logging is enabled. Log entries and exception messages may include sensitive application data; this mode should only be enabled during development. |url: |action: 
2021-10-06 21:46:56.7177||INFO|Microsoft.Hosting.Lifetime|Application started. Press Ctrl+C to shut down. |url: |action: 
2021-10-06 21:46:56.7305||INFO|Microsoft.Hosting.Lifetime|Hosting environment: Development |url: |action: 
2021-10-06 21:46:56.7440||INFO|Microsoft.Hosting.Lifetime|Content root path: C:\Users\vuong\Desktop\SWR-VuonDauBE\VuonDau.WebApi |url: |action: 
2021-10-06 21:55:17.7629||DEBUG|VuonDau.WebApi.Program|init main |url: |action: 
2021-10-06 21:55:19.7730|10400|WARN|Microsoft.EntityFrameworkCore.Model.Validation|Sensitive data logging is enabled. Log entries and exception messages may include sensitive application data; this mode should only be enabled during development. |url: |action: 
2021-10-06 21:55:20.3181||INFO|Microsoft.Hosting.Lifetime|Application started. Press Ctrl+C to shut down. |url: |action: 
2021-10-06 21:55:20.3181||INFO|Microsoft.Hosting.Lifetime|Hosting environment: Development |url: |action: 
2021-10-06 21:55:20.3181||INFO|Microsoft.Hosting.Lifetime|Content root path: C:\Users\vuong\Desktop\SWR-VuonDauBE\VuonDau.WebApi |url: |action: 
2021-10-06 21:56:47.9698||DEBUG|VuonDau.WebApi.Program|init main |url: |action: 
2021-10-06 21:56:50.1608|10400|WARN|Microsoft.EntityFrameworkCore.Model.Validation|Sensitive data logging is enabled. Log entries and exception messages may include sensitive application data; this mode should only be enabled during development. |url: |action: 
2021-10-06 21:56:50.7776||INFO|Microsoft.Hosting.Lifetime|Application started. Press Ctrl+C to shut down. |url: |action: 
2021-10-06 21:56:50.7776||INFO|Microsoft.Hosting.Lifetime|Hosting environment: Development |url: |action: 
2021-10-06 21:56:50.7868||INFO|Microsoft.Hosting.Lifetime|Content root path: C:\Users\vuong\Desktop\SWR-VuonDauBE\VuonDau.WebApi |url: |action: 
2021-10-06 22:00:03.7675||DEBUG|VuonDau.WebApi.Program|init main |url: |action: 
2021-10-06 22:00:06.0631|10400|WARN|Microsoft.EntityFrameworkCore.Model.Validation|Sensitive data logging is enabled. Log entries and exception messages may include sensitive application data; this mode should only be enabled during development. |url: |action: 
2021-10-06 22:00:06.5756||INFO|Microsoft.Hosting.Lifetime|Application started. Press Ctrl+C to shut down. |url: |action: 
2021-10-06 22:00:06.5756||INFO|Microsoft.Hosting.Lifetime|Hosting environment: Development |url: |action: 
2021-10-06 22:00:06.5756||INFO|Microsoft.Hosting.Lifetime|Content root path: C:\Users\vuong\Desktop\SWR-VuonDauBE\VuonDau.WebApi |url: |action: 
2021-10-06 22:00:30.0940||DEBUG|VuonDau.WebApi.Program|init main |url: |action: 
2021-10-06 22:00:32.0933|10400|WARN|Microsoft.EntityFrameworkCore.Model.Validation|Sensitive data logging is enabled. Log entries and exception messages may include sensitive application data; this mode should only be enabled during development. |url: |action: 
2021-10-06 22:00:32.6057||INFO|Microsoft.Hosting.Lifetime|Application started. Press Ctrl+C to shut down. |url: |action: 
2021-10-06 22:00:32.6057||INFO|Microsoft.Hosting.Lifetime|Hosting environment: Development |url: |action: 
2021-10-06 22:00:32.6057||INFO|Microsoft.Hosting.Lifetime|Content root path: C:\Users\vuong\Desktop\SWR-VuonDauBE\VuonDau.WebApi |url: |action: 
2021-10-06 22:01:30.4828||DEBUG|VuonDau.WebApi.Program|init main |url: |action: 
2021-10-06 22:01:32.5625|10400|WARN|Microsoft.EntityFrameworkCore.Model.Validation|Sensitive data logging is enabled. Log entries and exception messages may include sensitive application data; this mode should only be enabled during development. |url: |action: 
2021-10-06 22:01:33.1449||INFO|Microsoft.Hosting.Lifetime|Application started. Press Ctrl+C to shut down. |url: |action: 
2021-10-06 22:01:33.1487||INFO|Microsoft.Hosting.Lifetime|Hosting environment: Development |url: |action: 
2021-10-06 22:01:33.1487||INFO|Microsoft.Hosting.Lifetime|Content root path: C:\Users\vuong\Desktop\SWR-VuonDauBE\VuonDau.WebApi |url: |action: 
2021-10-06 22:02:16.5978||DEBUG|VuonDau.WebApi.Program|init main |url: |action: 
2021-10-06 22:02:18.6951|10400|WARN|Microsoft.EntityFrameworkCore.Model.Validation|Sensitive data logging is enabled. Log entries and exception messages may include sensitive application data; this mode should only be enabled during development. |url: |action: 
2021-10-06 22:02:19.2034||INFO|Microsoft.Hosting.Lifetime|Application started. Press Ctrl+C to shut down. |url: |action: 
2021-10-06 22:02:19.2114||INFO|Microsoft.Hosting.Lifetime|Hosting environment: Development |url: |action: 
2021-10-06 22:02:19.2114||INFO|Microsoft.Hosting.Lifetime|Content root path: C:\Users\vuong\Desktop\SWR-VuonDauBE\VuonDau.WebApi |url: |action: 
2021-10-06 22:06:23.6909||DEBUG|VuonDau.WebApi.Program|init main |url: |action: 
2021-10-06 22:06:26.3565|10400|WARN|Microsoft.EntityFrameworkCore.Model.Validation|Sensitive data logging is enabled. Log entries and exception messages may include sensitive application data; this mode should only be enabled during development. |url: |action: 
2021-10-06 22:06:26.9813||INFO|Microsoft.Hosting.Lifetime|Application started. Press Ctrl+C to shut down. |url: |action: 
2021-10-06 22:06:26.9945||INFO|Microsoft.Hosting.Lifetime|Hosting environment: Development |url: |action: 
2021-10-06 22:06:26.9945||INFO|Microsoft.Hosting.Lifetime|Content root path: C:\Users\vuong\Desktop\SWR-VuonDauBE\VuonDau.WebApi |url: |action: 
2021-10-06 22:08:09.2300||DEBUG|VuonDau.WebApi.Program|init main |url: |action: 
2021-10-06 22:08:12.6488|10400|WARN|Microsoft.EntityFrameworkCore.Model.Validation|Sensitive data logging is enabled. Log entries and exception messages may include sensitive application data; this mode should only be enabled during development. |url: |action: 
2021-10-06 22:08:13.4146||INFO|Microsoft.Hosting.Lifetime|Application started. Press Ctrl+C to shut down. |url: |action: 
2021-10-06 22:08:13.4146||INFO|Microsoft.Hosting.Lifetime|Hosting environment: Development |url: |action: 
2021-10-06 22:08:13.4340||INFO|Microsoft.Hosting.Lifetime|Content root path: C:\Users\vuong\Desktop\SWR-VuonDauBE\VuonDau.WebApi |url: |action: 
2021-10-06 22:09:31.4627||DEBUG|VuonDau.WebApi.Program|init main |url: |action: 
2021-10-06 22:09:35.2293|10400|WARN|Microsoft.EntityFrameworkCore.Model.Validation|Sensitive data logging is enabled. Log entries and exception messages may include sensitive application data; this mode should only be enabled during development. |url: |action: 
2021-10-06 22:09:35.9721||INFO|Microsoft.Hosting.Lifetime|Application started. Press Ctrl+C to shut down. |url: |action: 
2021-10-06 22:09:35.9721||INFO|Microsoft.Hosting.Lifetime|Hosting environment: Development |url: |action: 
2021-10-06 22:09:35.9833||INFO|Microsoft.Hosting.Lifetime|Content root path: C:\Users\vuong\Desktop\SWR-VuonDauBE\VuonDau.WebApi |url: |action: 
2021-10-06 22:20:16.9272||DEBUG|VuonDau.WebApi.Program|init main |url: |action: 
2021-10-06 22:20:20.2115|10400|WARN|Microsoft.EntityFrameworkCore.Model.Validation|Sensitive data logging is enabled. Log entries and exception messages may include sensitive application data; this mode should only be enabled during development. |url: |action: 
2021-10-06 22:20:20.9656||INFO|Microsoft.Hosting.Lifetime|Application started. Press Ctrl+C to shut down. |url: |action: 
2021-10-06 22:20:20.9656||INFO|Microsoft.Hosting.Lifetime|Hosting environment: Development |url: |action: 
2021-10-06 22:20:20.9811||INFO|Microsoft.Hosting.Lifetime|Content root path: C:\Users\vuong\Desktop\SWR-VuonDauBE\VuonDau.WebApi |url: |action: 
2021-10-06 22:39:16.3176||DEBUG|VuonDau.WebApi.Program|init main |url: |action: 
2021-10-06 22:39:18.9887|10400|WARN|Microsoft.EntityFrameworkCore.Model.Validation|Sensitive data logging is enabled. Log entries and exception messages may include sensitive application data; this mode should only be enabled during development. |url: |action: 
2021-10-06 22:39:19.6830||INFO|Microsoft.Hosting.Lifetime|Application started. Press Ctrl+C to shut down. |url: |action: 
2021-10-06 22:39:19.6830||INFO|Microsoft.Hosting.Lifetime|Hosting environment: Development |url: |action: 
2021-10-06 22:39:19.7006||INFO|Microsoft.Hosting.Lifetime|Content root path: C:\Users\vuong\Desktop\SWR-VuonDauBE\VuonDau.WebApi |url: |action: 
2021-10-06 22:40:55.6648||DEBUG|VuonDau.WebApi.Program|init main |url: |action: 
2021-10-06 22:40:57.7046|10400|WARN|Microsoft.EntityFrameworkCore.Model.Validation|Sensitive data logging is enabled. Log entries and exception messages may include sensitive application data; this mode should only be enabled during development. |url: |action: 
2021-10-06 22:40:58.1917||INFO|Microsoft.Hosting.Lifetime|Application started. Press Ctrl+C to shut down. |url: |action: 
2021-10-06 22:40:58.1917||INFO|Microsoft.Hosting.Lifetime|Hosting environment: Development |url: |action: 
2021-10-06 22:40:58.1980||INFO|Microsoft.Hosting.Lifetime|Content root path: C:\Users\vuong\Desktop\SWR-VuonDauBE\VuonDau.WebApi |url: |action: 
2021-10-06 22:42:58.3764||DEBUG|VuonDau.WebApi.Program|init main |url: |action: 
2021-10-06 22:43:00.4704|10400|WARN|Microsoft.EntityFrameworkCore.Model.Validation|Sensitive data logging is enabled. Log entries and exception messages may include sensitive application data; this mode should only be enabled during development. |url: |action: 
2021-10-06 22:43:00.9850||INFO|Microsoft.Hosting.Lifetime|Application started. Press Ctrl+C to shut down. |url: |action: 
2021-10-06 22:43:00.9968||INFO|Microsoft.Hosting.Lifetime|Hosting environment: Development |url: |action: 
2021-10-06 22:43:00.9968||INFO|Microsoft.Hosting.Lifetime|Content root path: C:\Users\vuong\Desktop\SWR-VuonDauBE\VuonDau.WebApi |url: |action: 
2021-10-06 22:43:27.1324||DEBUG|VuonDau.WebApi.Program|init main |url: |action: 
2021-10-06 22:43:29.2071|10400|WARN|Microsoft.EntityFrameworkCore.Model.Validation|Sensitive data logging is enabled. Log entries and exception messages may include sensitive application data; this mode should only be enabled during development. |url: |action: 
2021-10-06 22:43:29.7285||INFO|Microsoft.Hosting.Lifetime|Application started. Press Ctrl+C to shut down. |url: |action: 
2021-10-06 22:43:29.7409||INFO|Microsoft.Hosting.Lifetime|Hosting environment: Development |url: |action: 
2021-10-06 22:43:29.7409||INFO|Microsoft.Hosting.Lifetime|Content root path: C:\Users\vuong\Desktop\SWR-VuonDauBE\VuonDau.WebApi |url: |action: 
2021-10-06 22:46:46.0565||DEBUG|VuonDau.WebApi.Program|init main |url: |action: 
2021-10-06 22:46:47.9722|10400|WARN|Microsoft.EntityFrameworkCore.Model.Validation|Sensitive data logging is enabled. Log entries and exception messages may include sensitive application data; this mode should only be enabled during development. |url: |action: 
2021-10-06 22:46:48.4631||INFO|Microsoft.Hosting.Lifetime|Application started. Press Ctrl+C to shut down. |url: |action: 
2021-10-06 22:46:48.4631||INFO|Microsoft.Hosting.Lifetime|Hosting environment: Development |url: |action: 
2021-10-06 22:46:48.4796||INFO|Microsoft.Hosting.Lifetime|Content root path: C:\Users\vuong\Desktop\SWR-VuonDauBE\VuonDau.WebApi |url: |action: 
2021-10-06 22:47:12.9911||DEBUG|VuonDau.WebApi.Program|init main |url: |action: 
2021-10-06 22:47:15.0377|10400|WARN|Microsoft.EntityFrameworkCore.Model.Validation|Sensitive data logging is enabled. Log entries and exception messages may include sensitive application data; this mode should only be enabled during development. |url: |action: 
2021-10-06 22:47:15.5383||INFO|Microsoft.Hosting.Lifetime|Application started. Press Ctrl+C to shut down. |url: |action: 
2021-10-06 22:47:15.5383||INFO|Microsoft.Hosting.Lifetime|Hosting environment: Development |url: |action: 
2021-10-06 22:47:15.5383||INFO|Microsoft.Hosting.Lifetime|Content root path: C:\Users\vuong\Desktop\SWR-VuonDauBE\VuonDau.WebApi |url: |action: 
2021-10-06 22:47:30.2413||DEBUG|VuonDau.WebApi.Program|init main |url: |action: 
2021-10-06 22:47:32.2554|10400|WARN|Microsoft.EntityFrameworkCore.Model.Validation|Sensitive data logging is enabled. Log entries and exception messages may include sensitive application data; this mode should only be enabled during development. |url: |action: 
2021-10-06 22:47:32.7980||INFO|Microsoft.Hosting.Lifetime|Application started. Press Ctrl+C to shut down. |url: |action: 
2021-10-06 22:47:32.8100||INFO|Microsoft.Hosting.Lifetime|Hosting environment: Development |url: |action: 
2021-10-06 22:47:32.8100||INFO|Microsoft.Hosting.Lifetime|Content root path: C:\Users\vuong\Desktop\SWR-VuonDauBE\VuonDau.WebApi |url: |action: 
2021-10-06 22:48:18.6732||DEBUG|VuonDau.WebApi.Program|init main |url: |action: 
2021-10-06 22:48:20.5872|10400|WARN|Microsoft.EntityFrameworkCore.Model.Validation|Sensitive data logging is enabled. Log entries and exception messages may include sensitive application data; this mode should only be enabled during development. |url: |action: 
2021-10-06 22:48:21.1272||INFO|Microsoft.Hosting.Lifetime|Application started. Press Ctrl+C to shut down. |url: |action: 
2021-10-06 22:48:21.1272||INFO|Microsoft.Hosting.Lifetime|Hosting environment: Development |url: |action: 
2021-10-06 22:48:21.1343||INFO|Microsoft.Hosting.Lifetime|Content root path: C:\Users\vuong\Desktop\SWR-VuonDauBE\VuonDau.WebApi |url: |action: 
2021-10-06 22:50:24.0397||DEBUG|VuonDau.WebApi.Program|init main |url: |action: 
2021-10-06 22:50:26.1194|10400|WARN|Microsoft.EntityFrameworkCore.Model.Validation|Sensitive data logging is enabled. Log entries and exception messages may include sensitive application data; this mode should only be enabled during development. |url: |action: 
2021-10-06 22:50:26.6225||INFO|Microsoft.Hosting.Lifetime|Application started. Press Ctrl+C to shut down. |url: |action: 
2021-10-06 22:50:26.6225||INFO|Microsoft.Hosting.Lifetime|Hosting environment: Development |url: |action: 
2021-10-06 22:50:26.6225||INFO|Microsoft.Hosting.Lifetime|Content root path: C:\Users\vuong\Desktop\SWR-VuonDauBE\VuonDau.WebApi |url: |action: 
2021-10-06 22:50:54.7992||DEBUG|VuonDau.WebApi.Program|init main |url: |action: 
2021-10-06 22:50:56.8197|10400|WARN|Microsoft.EntityFrameworkCore.Model.Validation|Sensitive data logging is enabled. Log entries and exception messages may include sensitive application data; this mode should only be enabled during development. |url: |action: 
2021-10-06 22:50:57.2974||INFO|Microsoft.Hosting.Lifetime|Application started. Press Ctrl+C to shut down. |url: |action: 
2021-10-06 22:50:57.2974||INFO|Microsoft.Hosting.Lifetime|Hosting environment: Development |url: |action: 
2021-10-06 22:50:57.3050||INFO|Microsoft.Hosting.Lifetime|Content root path: C:\Users\vuong\Desktop\SWR-VuonDauBE\VuonDau.WebApi |url: |action: 
2021-10-06 22:53:46.9390||DEBUG|VuonDau.WebApi.Program|init main |url: |action: 
2021-10-06 22:53:48.8726|10400|WARN|Microsoft.EntityFrameworkCore.Model.Validation|Sensitive data logging is enabled. Log entries and exception messages may include sensitive application data; this mode should only be enabled during development. |url: |action: 
2021-10-06 22:53:49.3809||INFO|Microsoft.Hosting.Lifetime|Application started. Press Ctrl+C to shut down. |url: |action: 
2021-10-06 22:53:49.3809||INFO|Microsoft.Hosting.Lifetime|Hosting environment: Development |url: |action: 
2021-10-06 22:53:49.3809||INFO|Microsoft.Hosting.Lifetime|Content root path: C:\Users\vuong\Desktop\SWR-VuonDauBE\VuonDau.WebApi |url: |action: 
2021-10-06 22:54:12.2947||DEBUG|VuonDau.WebApi.Program|init main |url: |action: 
2021-10-06 22:54:14.2422|10400|WARN|Microsoft.EntityFrameworkCore.Model.Validation|Sensitive data logging is enabled. Log entries and exception messages may include sensitive application data; this mode should only be enabled during development. |url: |action: 
2021-10-06 22:54:14.7312||INFO|Microsoft.Hosting.Lifetime|Application started. Press Ctrl+C to shut down. |url: |action: 
2021-10-06 22:54:14.7312||INFO|Microsoft.Hosting.Lifetime|Hosting environment: Development |url: |action: 
2021-10-06 22:54:14.7441||INFO|Microsoft.Hosting.Lifetime|Content root path: C:\Users\vuong\Desktop\SWR-VuonDauBE\VuonDau.WebApi |url: |action: 
2021-10-06 22:54:29.0571||DEBUG|VuonDau.WebApi.Program|init main |url: |action: 
2021-10-06 22:54:30.9623|10400|WARN|Microsoft.EntityFrameworkCore.Model.Validation|Sensitive data logging is enabled. Log entries and exception messages may include sensitive application data; this mode should only be enabled during development. |url: |action: 
2021-10-06 22:54:31.4639||INFO|Microsoft.Hosting.Lifetime|Application started. Press Ctrl+C to shut down. |url: |action: 
2021-10-06 22:54:31.4639||INFO|Microsoft.Hosting.Lifetime|Hosting environment: Development |url: |action: 
2021-10-06 22:54:31.4784||INFO|Microsoft.Hosting.Lifetime|Content root path: C:\Users\vuong\Desktop\SWR-VuonDauBE\VuonDau.WebApi |url: |action: 
2021-10-06 22:54:55.7385||DEBUG|VuonDau.WebApi.Program|init main |url: |action: 
2021-10-06 22:54:57.6679|10400|WARN|Microsoft.EntityFrameworkCore.Model.Validation|Sensitive data logging is enabled. Log entries and exception messages may include sensitive application data; this mode should only be enabled during development. |url: |action: 
2021-10-06 22:54:58.1844||INFO|Microsoft.Hosting.Lifetime|Application started. Press Ctrl+C to shut down. |url: |action: 
2021-10-06 22:54:58.1844||INFO|Microsoft.Hosting.Lifetime|Hosting environment: Development |url: |action: 
2021-10-06 22:54:58.1999||INFO|Microsoft.Hosting.Lifetime|Content root path: C:\Users\vuong\Desktop\SWR-VuonDauBE\VuonDau.WebApi |url: |action: 
2021-10-06 22:55:11.6576||DEBUG|VuonDau.WebApi.Program|init main |url: |action: 
2021-10-06 22:55:13.7569|10400|WARN|Microsoft.EntityFrameworkCore.Model.Validation|Sensitive data logging is enabled. Log entries and exception messages may include sensitive application data; this mode should only be enabled during development. |url: |action: 
2021-10-06 22:55:14.2712||INFO|Microsoft.Hosting.Lifetime|Application started. Press Ctrl+C to shut down. |url: |action: 
2021-10-06 22:55:14.2712||INFO|Microsoft.Hosting.Lifetime|Hosting environment: Development |url: |action: 
2021-10-06 22:55:14.2881||INFO|Microsoft.Hosting.Lifetime|Content root path: C:\Users\vuong\Desktop\SWR-VuonDauBE\VuonDau.WebApi |url: |action: 
2021-10-06 22:55:20.6413||DEBUG|VuonDau.WebApi.Program|init main |url: |action: 
2021-10-06 22:55:22.8377|10400|WARN|Microsoft.EntityFrameworkCore.Model.Validation|Sensitive data logging is enabled. Log entries and exception messages may include sensitive application data; this mode should only be enabled during development. |url: |action: 
2021-10-06 22:55:23.5041||INFO|Microsoft.Hosting.Lifetime|Application started. Press Ctrl+C to shut down. |url: |action: 
2021-10-06 22:55:23.5092||INFO|Microsoft.Hosting.Lifetime|Hosting environment: Development |url: |action: 
2021-10-06 22:55:23.5092||INFO|Microsoft.Hosting.Lifetime|Content root path: C:\Users\vuong\Desktop\SWR-VuonDauBE\VuonDau.WebApi |url: |action: 
2021-10-06 22:55:29.8059||DEBUG|VuonDau.WebApi.Program|init main |url: |action: 
2021-10-06 22:55:31.9692|10400|WARN|Microsoft.EntityFrameworkCore.Model.Validation|Sensitive data logging is enabled. Log entries and exception messages may include sensitive application data; this mode should only be enabled during development. |url: |action: 
2021-10-06 22:55:32.4361||INFO|Microsoft.Hosting.Lifetime|Application started. Press Ctrl+C to shut down. |url: |action: 
2021-10-06 22:55:32.4361||INFO|Microsoft.Hosting.Lifetime|Hosting environment: Development |url: |action: 
2021-10-06 22:55:32.4483||INFO|Microsoft.Hosting.Lifetime|Content root path: C:\Users\vuong\Desktop\SWR-VuonDauBE\VuonDau.WebApi |url: |action: 
2021-10-06 22:56:03.5222||DEBUG|VuonDau.WebApi.Program|init main |url: |action: 
2021-10-06 22:56:05.4954|10400|WARN|Microsoft.EntityFrameworkCore.Model.Validation|Sensitive data logging is enabled. Log entries and exception messages may include sensitive application data; this mode should only be enabled during development. |url: |action: 
2021-10-06 22:56:05.9859||INFO|Microsoft.Hosting.Lifetime|Application started. Press Ctrl+C to shut down. |url: |action: 
2021-10-06 22:56:05.9907||INFO|Microsoft.Hosting.Lifetime|Hosting environment: Development |url: |action: 
2021-10-06 22:56:05.9907||INFO|Microsoft.Hosting.Lifetime|Content root path: C:\Users\vuong\Desktop\SWR-VuonDauBE\VuonDau.WebApi |url: |action: 
2021-10-06 23:01:01.7027||DEBUG|VuonDau.WebApi.Program|init main |url: |action: 
2021-10-06 23:01:03.6703|10400|WARN|Microsoft.EntityFrameworkCore.Model.Validation|Sensitive data logging is enabled. Log entries and exception messages may include sensitive application data; this mode should only be enabled during development. |url: |action: 
2021-10-06 23:01:04.2214||INFO|Microsoft.Hosting.Lifetime|Application started. Press Ctrl+C to shut down. |url: |action: 
2021-10-06 23:01:04.2358||INFO|Microsoft.Hosting.Lifetime|Hosting environment: Development |url: |action: 
2021-10-06 23:01:04.2427||INFO|Microsoft.Hosting.Lifetime|Content root path: C:\Users\vuong\Desktop\SWR-VuonDauBE\VuonDau.WebApi |url: |action: 
2021-10-06 23:10:43.7786||DEBUG|VuonDau.WebApi.Program|init main |url: |action: 
2021-10-06 23:10:45.7921|10400|WARN|Microsoft.EntityFrameworkCore.Model.Validation|Sensitive data logging is enabled. Log entries and exception messages may include sensitive application data; this mode should only be enabled during development. |url: |action: 
2021-10-06 23:10:46.3224||INFO|Microsoft.Hosting.Lifetime|Application started. Press Ctrl+C to shut down. |url: |action: 
2021-10-06 23:10:46.3224||INFO|Microsoft.Hosting.Lifetime|Hosting environment: Development |url: |action: 
2021-10-06 23:10:46.3337||INFO|Microsoft.Hosting.Lifetime|Content root path: C:\Users\vuong\Desktop\SWR-VuonDauBE\VuonDau.WebApi |url: |action: 
2021-10-06 23:11:10.3416||DEBUG|VuonDau.WebApi.Program|init main |url: |action: 
2021-10-06 23:11:12.3202|10400|WARN|Microsoft.EntityFrameworkCore.Model.Validation|Sensitive data logging is enabled. Log entries and exception messages may include sensitive application data; this mode should only be enabled during development. |url: |action: 
2021-10-06 23:11:12.8174||INFO|Microsoft.Hosting.Lifetime|Application started. Press Ctrl+C to shut down. |url: |action: 
2021-10-06 23:11:12.8174||INFO|Microsoft.Hosting.Lifetime|Hosting environment: Development |url: |action: 
2021-10-06 23:11:12.8174||INFO|Microsoft.Hosting.Lifetime|Content root path: C:\Users\vuong\Desktop\SWR-VuonDauBE\VuonDau.WebApi |url: |action: 
2021-10-06 23:11:56.0470||DEBUG|VuonDau.WebApi.Program|init main |url: |action: 
2021-10-06 23:11:58.1539|10400|WARN|Microsoft.EntityFrameworkCore.Model.Validation|Sensitive data logging is enabled. Log entries and exception messages may include sensitive application data; this mode should only be enabled during development. |url: |action: 
2021-10-06 23:11:58.6344||INFO|Microsoft.Hosting.Lifetime|Application started. Press Ctrl+C to shut down. |url: |action: 
2021-10-06 23:11:58.6344||INFO|Microsoft.Hosting.Lifetime|Hosting environment: Development |url: |action: 
2021-10-06 23:11:58.6344||INFO|Microsoft.Hosting.Lifetime|Content root path: C:\Users\vuong\Desktop\SWR-VuonDauBE\VuonDau.WebApi |url: |action: 
2021-10-06 23:17:56.6315||DEBUG|VuonDau.WebApi.Program|init main |url: |action: 
2021-10-06 23:17:58.7041|10400|WARN|Microsoft.EntityFrameworkCore.Model.Validation|Sensitive data logging is enabled. Log entries and exception messages may include sensitive application data; this mode should only be enabled during development. |url: |action: 
2021-10-06 23:17:59.2972||INFO|Microsoft.Hosting.Lifetime|Application started. Press Ctrl+C to shut down. |url: |action: 
2021-10-06 23:17:59.3024||INFO|Microsoft.Hosting.Lifetime|Hosting environment: Development |url: |action: 
2021-10-06 23:17:59.3024||INFO|Microsoft.Hosting.Lifetime|Content root path: C:\Users\vuong\Desktop\SWR-VuonDauBE\VuonDau.WebApi |url: |action: 
2021-10-06 23:26:38.9708||DEBUG|VuonDau.WebApi.Program|init main |url: |action: 
2021-10-06 23:26:41.7112|10400|WARN|Microsoft.EntityFrameworkCore.Model.Validation|Sensitive data logging is enabled. Log entries and exception messages may include sensitive application data; this mode should only be enabled during development. |url: |action: 
2021-10-06 23:26:42.5257||INFO|Microsoft.Hosting.Lifetime|Application started. Press Ctrl+C to shut down. |url: |action: 
2021-10-06 23:26:42.5366||INFO|Microsoft.Hosting.Lifetime|Hosting environment: Development |url: |action: 
2021-10-06 23:26:42.5366||INFO|Microsoft.Hosting.Lifetime|Content root path: C:\Users\vuong\Desktop\SWR-VuonDauBE\VuonDau.WebApi |url: |action: 
2021-10-06 23:35:46.9123||DEBUG|VuonDau.WebApi.Program|init main |url: |action: 
2021-10-06 23:35:49.1095|10400|WARN|Microsoft.EntityFrameworkCore.Model.Validation|Sensitive data logging is enabled. Log entries and exception messages may include sensitive application data; this mode should only be enabled during development. |url: |action: 
2021-10-06 23:35:49.6694||INFO|Microsoft.Hosting.Lifetime|Application started. Press Ctrl+C to shut down. |url: |action: 
2021-10-06 23:35:49.6694||INFO|Microsoft.Hosting.Lifetime|Hosting environment: Development |url: |action: 
2021-10-06 23:35:49.6807||INFO|Microsoft.Hosting.Lifetime|Content root path: C:\Users\vuong\Desktop\SWR-VuonDauBE\VuonDau.WebApi |url: |action: 
2021-10-06 23:42:10.9582||DEBUG|VuonDau.WebApi.Program|init main |url: |action: 
2021-10-06 23:42:13.2256|10400|WARN|Microsoft.EntityFrameworkCore.Model.Validation|Sensitive data logging is enabled. Log entries and exception messages may include sensitive application data; this mode should only be enabled during development. |url: |action: 
2021-10-06 23:42:13.7772||INFO|Microsoft.Hosting.Lifetime|Application started. Press Ctrl+C to shut down. |url: |action: 
2021-10-06 23:42:13.7906||INFO|Microsoft.Hosting.Lifetime|Hosting environment: Development |url: |action: 
2021-10-06 23:42:13.7906||INFO|Microsoft.Hosting.Lifetime|Content root path: C:\Users\vuong\Desktop\SWR-VuonDauBE\VuonDau.WebApi |url: |action: 
2021-10-06 23:44:56.6466||DEBUG|VuonDau.WebApi.Program|init main |url: |action: 
2021-10-06 23:44:59.3150|10400|WARN|Microsoft.EntityFrameworkCore.Model.Validation|Sensitive data logging is enabled. Log entries and exception messages may include sensitive application data; this mode should only be enabled during development. |url: |action: 
2021-10-06 23:44:59.9218||INFO|Microsoft.Hosting.Lifetime|Application started. Press Ctrl+C to shut down. |url: |action: 
2021-10-06 23:44:59.9335||INFO|Microsoft.Hosting.Lifetime|Hosting environment: Development |url: |action: 
2021-10-06 23:44:59.9335||INFO|Microsoft.Hosting.Lifetime|Content root path: C:\Users\vuong\Desktop\SWR-VuonDauBE\VuonDau.WebApi |url: |action: 
2021-10-06 23:45:39.9380||DEBUG|VuonDau.WebApi.Program|init main |url: |action: 
2021-10-06 23:45:42.5983|10400|WARN|Microsoft.EntityFrameworkCore.Model.Validation|Sensitive data logging is enabled. Log entries and exception messages may include sensitive application data; this mode should only be enabled during development. |url: |action: 
2021-10-06 23:45:43.3026||INFO|Microsoft.Hosting.Lifetime|Application started. Press Ctrl+C to shut down. |url: |action: 
2021-10-06 23:45:43.3026||INFO|Microsoft.Hosting.Lifetime|Hosting environment: Development |url: |action: 
2021-10-06 23:45:43.3284||INFO|Microsoft.Hosting.Lifetime|Content root path: C:\Users\vuong\Desktop\SWR-VuonDauBE\VuonDau.WebApi |url: |action: 
2021-10-06 23:46:12.1814||DEBUG|VuonDau.WebApi.Program|init main |url: |action: 
2021-10-06 23:46:14.6225|10400|WARN|Microsoft.EntityFrameworkCore.Model.Validation|Sensitive data logging is enabled. Log entries and exception messages may include sensitive application data; this mode should only be enabled during development. |url: |action: 
2021-10-06 23:46:15.1898||INFO|Microsoft.Hosting.Lifetime|Application started. Press Ctrl+C to shut down. |url: |action: 
2021-10-06 23:46:15.1961||INFO|Microsoft.Hosting.Lifetime|Hosting environment: Development |url: |action: 
2021-10-06 23:46:15.1961||INFO|Microsoft.Hosting.Lifetime|Content root path: C:\Users\vuong\Desktop\SWR-VuonDauBE\VuonDau.WebApi |url: |action: 
2021-10-06 23:46:30.7111||DEBUG|VuonDau.WebApi.Program|init main |url: |action: 
2021-10-06 23:46:33.3836|10400|WARN|Microsoft.EntityFrameworkCore.Model.Validation|Sensitive data logging is enabled. Log entries and exception messages may include sensitive application data; this mode should only be enabled during development. |url: |action: 
2021-10-06 23:46:33.9542||INFO|Microsoft.Hosting.Lifetime|Application started. Press Ctrl+C to shut down. |url: |action: 
2021-10-06 23:46:33.9636||INFO|Microsoft.Hosting.Lifetime|Hosting environment: Development |url: |action: 
2021-10-06 23:46:33.9636||INFO|Microsoft.Hosting.Lifetime|Content root path: C:\Users\vuong\Desktop\SWR-VuonDauBE\VuonDau.WebApi |url: |action: 
2021-10-06 23:50:53.3911||DEBUG|VuonDau.WebApi.Program|init main |url: |action: 
2021-10-06 23:50:56.2942|10400|WARN|Microsoft.EntityFrameworkCore.Model.Validation|Sensitive data logging is enabled. Log entries and exception messages may include sensitive application data; this mode should only be enabled during development. |url: |action: 
2021-10-06 23:50:57.1830||INFO|Microsoft.Hosting.Lifetime|Application started. Press Ctrl+C to shut down. |url: |action: 
2021-10-06 23:50:57.1830||INFO|Microsoft.Hosting.Lifetime|Hosting environment: Development |url: |action: 
2021-10-06 23:50:57.2000||INFO|Microsoft.Hosting.Lifetime|Content root path: C:\Users\vuong\Desktop\SWR-VuonDauBE\VuonDau.WebApi |url: |action: 
2021-10-06 23:53:33.4634||DEBUG|VuonDau.WebApi.Program|init main |url: |action: 
2021-10-06 23:53:36.4199|10400|WARN|Microsoft.EntityFrameworkCore.Model.Validation|Sensitive data logging is enabled. Log entries and exception messages may include sensitive application data; this mode should only be enabled during development. |url: |action: 
2021-10-06 23:53:37.0512||INFO|Microsoft.Hosting.Lifetime|Application started. Press Ctrl+C to shut down. |url: |action: 
2021-10-06 23:53:37.0512||INFO|Microsoft.Hosting.Lifetime|Hosting environment: Development |url: |action: 
2021-10-06 23:53:37.0599||INFO|Microsoft.Hosting.Lifetime|Content root path: C:\Users\vuong\Desktop\SWR-VuonDauBE\VuonDau.WebApi |url: |action: 
