2021-11-11 04:51:51.1720||DEBUG|VuonDau.WebApi.Program|init main |url: |action: 
2021-11-11 04:51:57.1699|10400|WARN|Microsoft.EntityFrameworkCore.Model.Validation|Sensitive data logging is enabled. Log entries and exception messages may include sensitive application data; this mode should only be enabled during development. |url: |action: 
2021-11-11 04:52:00.6976||INFO|Microsoft.Hosting.Lifetime|Application started. Press Ctrl+C to shut down. |url: |action: 
2021-11-11 04:52:00.7036||INFO|Microsoft.Hosting.Lifetime|Hosting environment: Development |url: |action: 
2021-11-11 04:52:00.7223||INFO|Microsoft.Hosting.Lifetime|Content root path: D:\Education\Ky7\vuondauBE-paging\VuonDau.WebApi |url: |action: 
2021-11-11 06:55:20.3878||DEBUG|VuonDau.WebApi.Program|init main |url: |action: 
2021-11-11 06:55:24.1408|10400|WARN|Microsoft.EntityFrameworkCore.Model.Validation|Sensitive data logging is enabled. Log entries and exception messages may include sensitive application data; this mode should only be enabled during development. |url: |action: 
2021-11-11 06:55:25.4251||INFO|Microsoft.Hosting.Lifetime|Application started. Press Ctrl+C to shut down. |url: |action: 
2021-11-11 06:55:25.4251||INFO|Microsoft.Hosting.Lifetime|Hosting environment: Development |url: |action: 
2021-11-11 06:55:25.4350||INFO|Microsoft.Hosting.Lifetime|Content root path: D:\Education\Ky7\vuondauBE-paging\VuonDau.WebApi |url: |action: 
2021-11-11 07:15:34.4820||DEBUG|VuonDau.WebApi.Program|init main |url: |action: 
2021-11-11 07:15:38.5608|10400|WARN|Microsoft.EntityFrameworkCore.Model.Validation|Sensitive data logging is enabled. Log entries and exception messages may include sensitive application data; this mode should only be enabled during development. |url: |action: 
2021-11-11 07:15:39.8634||INFO|Microsoft.Hosting.Lifetime|Application started. Press Ctrl+C to shut down. |url: |action: 
2021-11-11 07:15:39.8634||INFO|Microsoft.Hosting.Lifetime|Hosting environment: Development |url: |action: 
2021-11-11 07:15:39.8714||INFO|Microsoft.Hosting.Lifetime|Content root path: D:\Education\Ky7\vuondauBE-paging\VuonDau.WebApi |url: |action: 
2021-11-11 07:30:08.0917||DEBUG|VuonDau.WebApi.Program|init main |url: |action: 
2021-11-11 07:30:16.2420|10400|WARN|Microsoft.EntityFrameworkCore.Model.Validation|Sensitive data logging is enabled. Log entries and exception messages may include sensitive application data; this mode should only be enabled during development. |url: |action: 
2021-11-11 07:30:17.9706||INFO|Microsoft.Hosting.Lifetime|Application started. Press Ctrl+C to shut down. |url: |action: 
2021-11-11 07:30:17.9870||INFO|Microsoft.Hosting.Lifetime|Hosting environment: Development |url: |action: 
2021-11-11 07:30:18.0403||INFO|Microsoft.Hosting.Lifetime|Content root path: D:\Education\Ky7\vuondauBE-paging\VuonDau.WebApi |url: |action: 
2021-11-11 07:39:47.0112||DEBUG|VuonDau.WebApi.Program|init main |url: |action: 
2021-11-11 07:39:50.9246|10400|WARN|Microsoft.EntityFrameworkCore.Model.Validation|Sensitive data logging is enabled. Log entries and exception messages may include sensitive application data; this mode should only be enabled during development. |url: |action: 
2021-11-11 07:39:52.2011||INFO|Microsoft.Hosting.Lifetime|Application started. Press Ctrl+C to shut down. |url: |action: 
2021-11-11 07:39:52.2011||INFO|Microsoft.Hosting.Lifetime|Hosting environment: Development |url: |action: 
2021-11-11 07:39:52.2011||INFO|Microsoft.Hosting.Lifetime|Content root path: D:\Education\Ky7\vuondauBE-paging\VuonDau.WebApi |url: |action: 
2021-11-11 07:50:06.0536||DEBUG|VuonDau.WebApi.Program|init main |url: |action: 
2021-11-11 07:50:10.0669|10400|WARN|Microsoft.EntityFrameworkCore.Model.Validation|Sensitive data logging is enabled. Log entries and exception messages may include sensitive application data; this mode should only be enabled during development. |url: |action: 
2021-11-11 07:50:11.5684||INFO|Microsoft.Hosting.Lifetime|Application started. Press Ctrl+C to shut down. |url: |action: 
2021-11-11 07:50:11.6010||INFO|Microsoft.Hosting.Lifetime|Hosting environment: Development |url: |action: 
2021-11-11 07:50:11.6010||INFO|Microsoft.Hosting.Lifetime|Content root path: D:\Education\Ky7\vuondauBE-paging\VuonDau.WebApi |url: |action: 
2021-11-11 08:02:28.6653||DEBUG|VuonDau.WebApi.Program|init main |url: |action: 
2021-11-11 08:02:32.0834|10400|WARN|Microsoft.EntityFrameworkCore.Model.Validation|Sensitive data logging is enabled. Log entries and exception messages may include sensitive application data; this mode should only be enabled during development. |url: |action: 
2021-11-11 08:02:33.2581||INFO|Microsoft.Hosting.Lifetime|Application started. Press Ctrl+C to shut down. |url: |action: 
2021-11-11 08:02:33.2581||INFO|Microsoft.Hosting.Lifetime|Hosting environment: Development |url: |action: 
2021-11-11 08:02:33.2652||INFO|Microsoft.Hosting.Lifetime|Content root path: D:\Education\Ky7\vuondauBE-paging\VuonDau.WebApi |url: |action: 
2021-11-11 08:28:36.3731||DEBUG|VuonDau.WebApi.Program|init main |url: |action: 
2021-11-11 08:28:40.3458|10400|WARN|Microsoft.EntityFrameworkCore.Model.Validation|Sensitive data logging is enabled. Log entries and exception messages may include sensitive application data; this mode should only be enabled during development. |url: |action: 
2021-11-11 08:28:43.3928||INFO|Microsoft.Hosting.Lifetime|Application started. Press Ctrl+C to shut down. |url: |action: 
2021-11-11 08:28:43.3928||INFO|Microsoft.Hosting.Lifetime|Hosting environment: Development |url: |action: 
2021-11-11 08:28:43.3928||INFO|Microsoft.Hosting.Lifetime|Content root path: D:\Education\Ky7\vuondauBE-paging\VuonDau.WebApi |url: |action: 
2021-11-11 08:36:14.2958||DEBUG|VuonDau.WebApi.Program|init main |url: |action: 
2021-11-11 08:36:17.0868|10400|WARN|Microsoft.EntityFrameworkCore.Model.Validation|Sensitive data logging is enabled. Log entries and exception messages may include sensitive application data; this mode should only be enabled during development. |url: |action: 
2021-11-11 08:36:18.1457||INFO|Microsoft.Hosting.Lifetime|Application started. Press Ctrl+C to shut down. |url: |action: 
2021-11-11 08:36:18.1457||INFO|Microsoft.Hosting.Lifetime|Hosting environment: Development |url: |action: 
2021-11-11 08:36:18.1532||INFO|Microsoft.Hosting.Lifetime|Content root path: D:\Education\Ky7\vuondauBE-paging\VuonDau.WebApi |url: |action: 
2021-11-11 08:40:52.4935||DEBUG|VuonDau.WebApi.Program|init main |url: |action: 
2021-11-11 08:40:56.6069|10400|WARN|Microsoft.EntityFrameworkCore.Model.Validation|Sensitive data logging is enabled. Log entries and exception messages may include sensitive application data; this mode should only be enabled during development. |url: |action: 
2021-11-11 08:40:58.0177||INFO|Microsoft.Hosting.Lifetime|Application started. Press Ctrl+C to shut down. |url: |action: 
2021-11-11 08:40:58.0177||INFO|Microsoft.Hosting.Lifetime|Hosting environment: Development |url: |action: 
2021-11-11 08:40:58.0177||INFO|Microsoft.Hosting.Lifetime|Content root path: D:\Education\Ky7\vuondauBE-paging\VuonDau.WebApi |url: |action: 
2021-11-11 16:03:19.5341||DEBUG|VuonDau.WebApi.Program|init main |url: |action: 
2021-11-11 16:03:25.4696|10400|WARN|Microsoft.EntityFrameworkCore.Model.Validation|Sensitive data logging is enabled. Log entries and exception messages may include sensitive application data; this mode should only be enabled during development. |url: |action: 
2021-11-11 16:03:28.3017||INFO|Microsoft.Hosting.Lifetime|Application started. Press Ctrl+C to shut down. |url: |action: 
2021-11-11 16:03:28.3017||INFO|Microsoft.Hosting.Lifetime|Hosting environment: Development |url: |action: 
2021-11-11 16:03:28.3113||INFO|Microsoft.Hosting.Lifetime|Content root path: D:\Education\Ky7\vuondauBE-paging\VuonDau.WebApi |url: |action: 
2021-11-11 18:58:55.5498||DEBUG|VuonDau.WebApi.Program|init main |url: |action: 
2021-11-11 18:59:00.5817|10400|WARN|Microsoft.EntityFrameworkCore.Model.Validation|Sensitive data logging is enabled. Log entries and exception messages may include sensitive application data; this mode should only be enabled during development. |url: |action: 
2021-11-11 18:59:02.0258||INFO|Microsoft.Hosting.Lifetime|Application started. Press Ctrl+C to shut down. |url: |action: 
2021-11-11 18:59:02.0258||INFO|Microsoft.Hosting.Lifetime|Hosting environment: Development |url: |action: 
2021-11-11 18:59:02.0258||INFO|Microsoft.Hosting.Lifetime|Content root path: D:\Education\Ky7\vuondauBE-paging\VuonDau.WebApi |url: |action: 
2021-11-11 19:34:49.2304||DEBUG|VuonDau.WebApi.Program|init main |url: |action: 
2021-11-11 19:34:52.6210|10400|WARN|Microsoft.EntityFrameworkCore.Model.Validation|Sensitive data logging is enabled. Log entries and exception messages may include sensitive application data; this mode should only be enabled during development. |url: |action: 
2021-11-11 19:34:53.8029||INFO|Microsoft.Hosting.Lifetime|Application started. Press Ctrl+C to shut down. |url: |action: 
2021-11-11 19:34:53.8029||INFO|Microsoft.Hosting.Lifetime|Hosting environment: Development |url: |action: 
2021-11-11 19:34:53.8068||INFO|Microsoft.Hosting.Lifetime|Content root path: D:\Education\Ky7\vuondauBE-paging\VuonDau.WebApi |url: |action: 
2021-11-11 19:56:15.7499||DEBUG|VuonDau.WebApi.Program|init main |url: |action: 
2021-11-11 19:56:19.3620|10400|WARN|Microsoft.EntityFrameworkCore.Model.Validation|Sensitive data logging is enabled. Log entries and exception messages may include sensitive application data; this mode should only be enabled during development. |url: |action: 
2021-11-11 19:56:41.6441||INFO|Microsoft.Hosting.Lifetime|Application started. Press Ctrl+C to shut down. |url: |action: 
2021-11-11 19:56:41.6515||INFO|Microsoft.Hosting.Lifetime|Hosting environment: Development |url: |action: 
2021-11-11 19:56:41.6515||INFO|Microsoft.Hosting.Lifetime|Content root path: D:\Education\Ky7\vuondauBE-paging\VuonDau.WebApi |url: |action: 
