2021-10-17 18:54:10.8783||ERROR|VuonDau.WebApi.Handlers.ErrorHandlingFilter|AutoMapper.AutoMapperMappingException: Unable to create a map expression from Customer.CustomerType (System.Nullable`1[System.Guid]) to CustomerType.CustomerType (VuonDau.Data.Models.CustomerType)

Mapping types:
Customer -> CustomerFullViewModel
VuonDau.Data.Models.Customer -> VuonDau.Business.ViewModel.CustomerFullViewModel

Type Map configuration:
Customer -> CustomerFullViewModel
VuonDau.Data.Models.Customer -> VuonDau.Business.ViewModel.CustomerFullViewModel

Destination Member:
CustomerType

   at System.Lazy`1.ViaFactory(LazyThreadSafetyMode mode)
   at System.Lazy`1.ExecutionAndPublication(LazyHelper executionAndPublication, Boolean useDefaultConstructor)
   at System.Lazy`1.CreateValue()
   at VuonDau.Business.Services.CustomerService.GetAllCustomers() in D:\Education\Ky7\vuondauBE-update-database\VuonDau.Business\Services\CustomerService.cs:line 43
   at VuonDau.WebApi.Controllers.CustomersController.GetCustomers() in D:\Education\Ky7\vuondauBE-update-database\VuonDau.WebApi\Controllers\CustomersController.cs:line 56
   at Microsoft.AspNetCore.Mvc.Infrastructure.ActionMethodExecutor.TaskOfIActionResultExecutor.Execute(IActionResultTypeMapper mapper, ObjectMethodExecutor executor, Object controller, Object[] arguments)
   at Microsoft.AspNetCore.Mvc.Infrastructure.ControllerActionInvoker.<InvokeActionMethodAsync>g__Awaited|12_0(ControllerActionInvoker invoker, ValueTask`1 actionResultValueTask)
   at Microsoft.AspNetCore.Mvc.Infrastructure.ControllerActionInvoker.<InvokeNextActionFilterAsync>g__Awaited|10_0(ControllerActionInvoker invoker, Task lastTask, State next, Scope scope, Object state, Boolean isCompleted)
   at Microsoft.AspNetCore.Mvc.Infrastructure.ControllerActionInvoker.Rethrow(ActionExecutedContextSealed context)
   at Microsoft.AspNetCore.Mvc.Infrastructure.ControllerActionInvoker.Next(State& next, Scope& scope, Object& state, Boolean& isCompleted)
   at Microsoft.AspNetCore.Mvc.Infrastructure.ControllerActionInvoker.InvokeInnerFilterAsync()
--- End of stack trace from previous location ---
   at Microsoft.AspNetCore.Mvc.Infrastructure.ResourceInvoker.<InvokeNextExceptionFilterAsync>g__Awaited|25_0(ResourceInvoker invoker, Task lastTask, State next, Scope scope, Object state, Boolean isCompleted) 
2021-10-17 19:00:44.7313||ERROR|VuonDau.WebApi.Handlers.ErrorHandlingFilter|AutoMapper.AutoMapperMappingException: Unable to create a map expression from Customer.CustomerType (System.Nullable`1[System.Guid]) to CustomerType.CustomerType (VuonDau.Data.Models.CustomerType)

Mapping types:
Customer -> CustomerFullViewModel
VuonDau.Data.Models.Customer -> VuonDau.Business.ViewModel.CustomerFullViewModel

Type Map configuration:
Customer -> CustomerFullViewModel
VuonDau.Data.Models.Customer -> VuonDau.Business.ViewModel.CustomerFullViewModel

Destination Member:
CustomerType

   at System.Lazy`1.ViaFactory(LazyThreadSafetyMode mode)
   at System.Lazy`1.ExecutionAndPublication(LazyHelper executionAndPublication, Boolean useDefaultConstructor)
   at System.Lazy`1.CreateValue()
   at VuonDau.Business.Services.CustomerService.GetAllCustomers() in D:\Education\Ky7\vuondauBE-update-database\VuonDau.Business\Services\CustomerService.cs:line 43
   at VuonDau.WebApi.Controllers.CustomersController.GetCustomers() in D:\Education\Ky7\vuondauBE-update-database\VuonDau.WebApi\Controllers\CustomersController.cs:line 56
   at Microsoft.AspNetCore.Mvc.Infrastructure.ActionMethodExecutor.TaskOfIActionResultExecutor.Execute(IActionResultTypeMapper mapper, ObjectMethodExecutor executor, Object controller, Object[] arguments)
   at Microsoft.AspNetCore.Mvc.Infrastructure.ControllerActionInvoker.<InvokeActionMethodAsync>g__Awaited|12_0(ControllerActionInvoker invoker, ValueTask`1 actionResultValueTask)
   at Microsoft.AspNetCore.Mvc.Infrastructure.ControllerActionInvoker.<InvokeNextActionFilterAsync>g__Awaited|10_0(ControllerActionInvoker invoker, Task lastTask, State next, Scope scope, Object state, Boolean isCompleted)
   at Microsoft.AspNetCore.Mvc.Infrastructure.ControllerActionInvoker.Rethrow(ActionExecutedContextSealed context)
   at Microsoft.AspNetCore.Mvc.Infrastructure.ControllerActionInvoker.Next(State& next, Scope& scope, Object& state, Boolean& isCompleted)
   at Microsoft.AspNetCore.Mvc.Infrastructure.ControllerActionInvoker.InvokeInnerFilterAsync()
--- End of stack trace from previous location ---
   at Microsoft.AspNetCore.Mvc.Infrastructure.ResourceInvoker.<InvokeNextExceptionFilterAsync>g__Awaited|25_0(ResourceInvoker invoker, Task lastTask, State next, Scope scope, Object state, Boolean isCompleted) 
2021-10-17 19:02:02.8708||ERROR|VuonDau.WebApi.Handlers.ErrorHandlingFilter|AutoMapper.AutoMapperMappingException: Unable to create a map expression from Customer.CustomerType (System.Nullable`1[System.Guid]) to CustomerType.CustomerType (VuonDau.Data.Models.CustomerType)

Mapping types:
Customer -> CustomerFullViewModel
VuonDau.Data.Models.Customer -> VuonDau.Business.ViewModel.CustomerFullViewModel

Type Map configuration:
Customer -> CustomerFullViewModel
VuonDau.Data.Models.Customer -> VuonDau.Business.ViewModel.CustomerFullViewModel

Destination Member:
CustomerType

   at System.Lazy`1.ViaFactory(LazyThreadSafetyMode mode)
   at System.Lazy`1.ExecutionAndPublication(LazyHelper executionAndPublication, Boolean useDefaultConstructor)
   at System.Lazy`1.CreateValue()
   at VuonDau.Business.Services.CustomerService.GetAllCustomers() in D:\Education\Ky7\vuondauBE-update-database\VuonDau.Business\Services\CustomerService.cs:line 43
   at VuonDau.WebApi.Controllers.CustomersController.GetCustomers() in D:\Education\Ky7\vuondauBE-update-database\VuonDau.WebApi\Controllers\CustomersController.cs:line 56
   at Microsoft.AspNetCore.Mvc.Infrastructure.ActionMethodExecutor.TaskOfIActionResultExecutor.Execute(IActionResultTypeMapper mapper, ObjectMethodExecutor executor, Object controller, Object[] arguments)
   at Microsoft.AspNetCore.Mvc.Infrastructure.ControllerActionInvoker.<InvokeActionMethodAsync>g__Awaited|12_0(ControllerActionInvoker invoker, ValueTask`1 actionResultValueTask)
   at Microsoft.AspNetCore.Mvc.Infrastructure.ControllerActionInvoker.<InvokeNextActionFilterAsync>g__Awaited|10_0(ControllerActionInvoker invoker, Task lastTask, State next, Scope scope, Object state, Boolean isCompleted)
   at Microsoft.AspNetCore.Mvc.Infrastructure.ControllerActionInvoker.Rethrow(ActionExecutedContextSealed context)
   at Microsoft.AspNetCore.Mvc.Infrastructure.ControllerActionInvoker.Next(State& next, Scope& scope, Object& state, Boolean& isCompleted)
   at Microsoft.AspNetCore.Mvc.Infrastructure.ControllerActionInvoker.InvokeInnerFilterAsync()
--- End of stack trace from previous location ---
   at Microsoft.AspNetCore.Mvc.Infrastructure.ResourceInvoker.<InvokeNextExceptionFilterAsync>g__Awaited|25_0(ResourceInvoker invoker, Task lastTask, State next, Scope scope, Object state, Boolean isCompleted) 
2021-10-17 21:46:44.6922||ERROR|VuonDau.WebApi.Handlers.ErrorHandlingFilter|System.InvalidOperationException: Missing map from VuonDau.Data.Models.Customer to VuonDau.Business.ViewModel.CustomerViewModel. Create using CreateMap<Customer, CustomerViewModel>.
   at AutoMapper.QueryableExtensions.ExpressionBuilder.CreateMapExpressionCore(ExpressionRequest request, Expression instanceParameter, IDictionary`2 typePairCount, LetPropertyMaps letPropertyMaps, TypeMap& typeMap)
   at AutoMapper.QueryableExtensions.ExpressionBuilder.CreateMapExpression(ExpressionRequest request, IDictionary`2 typePairCount, LetPropertyMaps letPropertyMaps)
   at AutoMapper.QueryableExtensions.ExpressionBuilder.CreateMapExpression(ExpressionRequest request)
   at AutoMapper.Internal.LockingConcurrentDictionary`2.<>c__DisplayClass2_1.<.ctor>b__1()
   at System.Lazy`1.ViaFactory(LazyThreadSafetyMode mode)
   at System.Lazy`1.ExecutionAndPublication(LazyHelper executionAndPublication, Boolean useDefaultConstructor)
   at System.Lazy`1.CreateValue()
   at AutoMapper.Internal.LockingConcurrentDictionary`2.GetOrAdd(TKey key)
   at AutoMapper.QueryableExtensions.ExpressionBuilder.GetMapExpression(Type sourceType, Type destinationType, Object parameters, MemberInfo[] membersToExpand)
   at AutoMapper.QueryableExtensions.ProjectionExpression.ToCore(Type destinationType, Object parameters, IEnumerable`1 memberPathsToExpand)
   at AutoMapper.QueryableExtensions.ProjectionExpression.ToCore[TResult](Object parameters, IEnumerable`1 memberPathsToExpand)
   at AutoMapper.QueryableExtensions.ProjectionExpression.To[TResult](Object parameters, Expression`1[] membersToExpand)
   at AutoMapper.QueryableExtensions.Extensions.ProjectTo[TDestination](IQueryable source, IConfigurationProvider configuration, Object parameters, Expression`1[] membersToExpand)
   at AutoMapper.QueryableExtensions.Extensions.ProjectTo[TDestination](IQueryable source, IConfigurationProvider configuration, Expression`1[] membersToExpand)
   at VuonDau.Business.Services.CustomerService.GetCustomerById(Guid id) in D:\Education\Ky7\vuondauBE-update-database\VuonDau.Business\Services\CustomerService.cs:line 53
   at VuonDau.WebApi.Controllers.CustomersController.GetCustomer(Guid id) in D:\Education\Ky7\vuondauBE-update-database\VuonDau.WebApi\Controllers\CustomersController.cs:line 38
   at Microsoft.AspNetCore.Mvc.Infrastructure.ActionMethodExecutor.TaskOfIActionResultExecutor.Execute(IActionResultTypeMapper mapper, ObjectMethodExecutor executor, Object controller, Object[] arguments)
   at Microsoft.AspNetCore.Mvc.Infrastructure.ControllerActionInvoker.<InvokeActionMethodAsync>g__Awaited|12_0(ControllerActionInvoker invoker, ValueTask`1 actionResultValueTask)
   at Microsoft.AspNetCore.Mvc.Infrastructure.ControllerActionInvoker.<InvokeNextActionFilterAsync>g__Awaited|10_0(ControllerActionInvoker invoker, Task lastTask, State next, Scope scope, Object state, Boolean isCompleted)
   at Microsoft.AspNetCore.Mvc.Infrastructure.ControllerActionInvoker.Rethrow(ActionExecutedContextSealed context)
   at Microsoft.AspNetCore.Mvc.Infrastructure.ControllerActionInvoker.Next(State& next, Scope& scope, Object& state, Boolean& isCompleted)
   at Microsoft.AspNetCore.Mvc.Infrastructure.ControllerActionInvoker.InvokeInnerFilterAsync()
--- End of stack trace from previous location ---
   at Microsoft.AspNetCore.Mvc.Infrastructure.ResourceInvoker.<InvokeNextExceptionFilterAsync>g__Awaited|25_0(ResourceInvoker invoker, Task lastTask, State next, Scope scope, Object state, Boolean isCompleted) 
2021-10-17 21:48:02.8282||ERROR|VuonDau.WebApi.Handlers.ErrorHandlingFilter|System.InvalidOperationException: Missing map from VuonDau.Data.Models.Farm to VuonDau.Business.ViewModel.FarmViewModel. Create using CreateMap<Farm, FarmViewModel>.
   at AutoMapper.QueryableExtensions.ExpressionBuilder.CreateMapExpressionCore(ExpressionRequest request, Expression instanceParameter, IDictionary`2 typePairCount, LetPropertyMaps letPropertyMaps, TypeMap& typeMap)
   at AutoMapper.QueryableExtensions.ExpressionBuilder.CreateMapExpression(ExpressionRequest request, IDictionary`2 typePairCount, LetPropertyMaps letPropertyMaps)
   at AutoMapper.QueryableExtensions.ExpressionBuilder.CreateMapExpression(ExpressionRequest request)
   at AutoMapper.Internal.LockingConcurrentDictionary`2.<>c__DisplayClass2_1.<.ctor>b__1()
   at System.Lazy`1.ViaFactory(LazyThreadSafetyMode mode)
   at System.Lazy`1.ExecutionAndPublication(LazyHelper executionAndPublication, Boolean useDefaultConstructor)
   at System.Lazy`1.CreateValue()
   at AutoMapper.Internal.LockingConcurrentDictionary`2.GetOrAdd(TKey key)
   at AutoMapper.QueryableExtensions.ExpressionBuilder.GetMapExpression(Type sourceType, Type destinationType, Object parameters, MemberInfo[] membersToExpand)
   at AutoMapper.QueryableExtensions.ProjectionExpression.ToCore(Type destinationType, Object parameters, IEnumerable`1 memberPathsToExpand)
   at AutoMapper.QueryableExtensions.ProjectionExpression.ToCore[TResult](Object parameters, IEnumerable`1 memberPathsToExpand)
   at AutoMapper.QueryableExtensions.ProjectionExpression.To[TResult](Object parameters, Expression`1[] membersToExpand)
   at AutoMapper.QueryableExtensions.Extensions.ProjectTo[TDestination](IQueryable source, IConfigurationProvider configuration, Object parameters, Expression`1[] membersToExpand)
   at AutoMapper.QueryableExtensions.Extensions.ProjectTo[TDestination](IQueryable source, IConfigurationProvider configuration, Expression`1[] membersToExpand)
   at VuonDau.Business.Services.FarmService.GetFarmById(Guid id) in D:\Education\Ky7\vuondauBE-update-database\VuonDau.Business\Services\FarmService.cs:line 42
   at VuonDau.WebApi.Controllers.FarmsController.GetFarm(Guid id) in D:\Education\Ky7\vuondauBE-update-database\VuonDau.WebApi\Controllers\FarmsController.cs:line 29
   at Microsoft.AspNetCore.Mvc.Infrastructure.ActionMethodExecutor.TaskOfIActionResultExecutor.Execute(IActionResultTypeMapper mapper, ObjectMethodExecutor executor, Object controller, Object[] arguments)
   at Microsoft.AspNetCore.Mvc.Infrastructure.ControllerActionInvoker.<InvokeActionMethodAsync>g__Awaited|12_0(ControllerActionInvoker invoker, ValueTask`1 actionResultValueTask)
   at Microsoft.AspNetCore.Mvc.Infrastructure.ControllerActionInvoker.<InvokeNextActionFilterAsync>g__Awaited|10_0(ControllerActionInvoker invoker, Task lastTask, State next, Scope scope, Object state, Boolean isCompleted)
   at Microsoft.AspNetCore.Mvc.Infrastructure.ControllerActionInvoker.Rethrow(ActionExecutedContextSealed context)
   at Microsoft.AspNetCore.Mvc.Infrastructure.ControllerActionInvoker.Next(State& next, Scope& scope, Object& state, Boolean& isCompleted)
   at Microsoft.AspNetCore.Mvc.Infrastructure.ControllerActionInvoker.InvokeInnerFilterAsync()
--- End of stack trace from previous location ---
   at Microsoft.AspNetCore.Mvc.Infrastructure.ResourceInvoker.<InvokeNextExceptionFilterAsync>g__Awaited|25_0(ResourceInvoker invoker, Task lastTask, State next, Scope scope, Object state, Boolean isCompleted) 
2021-10-17 22:17:43.5109||ERROR|VuonDau.WebApi.Handlers.ErrorHandlingFilter|AutoMapper.AutoMapperMappingException: Missing type map configuration or unsupported mapping.

Mapping types:
Object -> CustomerViewModel
System.Object -> VuonDau.Business.ViewModel.CustomerViewModel
   at lambda_method280(Closure , Object , CustomerViewModel , ResolutionContext )
   at VuonDau.Business.Services.CustomerService.UpdateCustomer(Guid id, UpdateCustomerRequest request) in D:\Education\Ky7\vuondauBE-update-database\VuonDau.Business\Services\CustomerService.cs:line 84
   at VuonDau.WebApi.Controllers.CustomersController.UpdateCustomer(Guid id, UpdateCustomerRequest request) in D:\Education\Ky7\vuondauBE-update-database\VuonDau.WebApi\Controllers\CustomersController.cs:line 110
   at Microsoft.AspNetCore.Mvc.Infrastructure.ActionMethodExecutor.TaskOfIActionResultExecutor.Execute(IActionResultTypeMapper mapper, ObjectMethodExecutor executor, Object controller, Object[] arguments)
   at Microsoft.AspNetCore.Mvc.Infrastructure.ControllerActionInvoker.<InvokeActionMethodAsync>g__Awaited|12_0(ControllerActionInvoker invoker, ValueTask`1 actionResultValueTask)
   at Microsoft.AspNetCore.Mvc.Infrastructure.ControllerActionInvoker.<InvokeNextActionFilterAsync>g__Awaited|10_0(ControllerActionInvoker invoker, Task lastTask, State next, Scope scope, Object state, Boolean isCompleted)
   at Microsoft.AspNetCore.Mvc.Infrastructure.ControllerActionInvoker.Rethrow(ActionExecutedContextSealed context)
   at Microsoft.AspNetCore.Mvc.Infrastructure.ControllerActionInvoker.Next(State& next, Scope& scope, Object& state, Boolean& isCompleted)
   at Microsoft.AspNetCore.Mvc.Infrastructure.ControllerActionInvoker.<InvokeInnerFilterAsync>g__Awaited|13_0(ControllerActionInvoker invoker, Task lastTask, State next, Scope scope, Object state, Boolean isCompleted)
   at Microsoft.AspNetCore.Mvc.Infrastructure.ResourceInvoker.<InvokeNextExceptionFilterAsync>g__Awaited|25_0(ResourceInvoker invoker, Task lastTask, State next, Scope scope, Object state, Boolean isCompleted) 
2021-10-17 22:19:29.3031||ERROR|VuonDau.WebApi.Handlers.ErrorHandlingFilter|AutoMapper.AutoMapperMappingException: Missing type map configuration or unsupported mapping.

Mapping types:
Object -> CustomerViewModel
System.Object -> VuonDau.Business.ViewModel.CustomerViewModel
   at lambda_method280(Closure , Object , CustomerViewModel , ResolutionContext )
   at VuonDau.Business.Services.CustomerService.UpdateCustomer(Guid id, UpdateCustomerRequest request) in D:\Education\Ky7\vuondauBE-update-database\VuonDau.Business\Services\CustomerService.cs:line 84
   at VuonDau.WebApi.Controllers.CustomersController.UpdateCustomer(Guid id, UpdateCustomerRequest request) in D:\Education\Ky7\vuondauBE-update-database\VuonDau.WebApi\Controllers\CustomersController.cs:line 110
   at Microsoft.AspNetCore.Mvc.Infrastructure.ActionMethodExecutor.TaskOfIActionResultExecutor.Execute(IActionResultTypeMapper mapper, ObjectMethodExecutor executor, Object controller, Object[] arguments)
   at Microsoft.AspNetCore.Mvc.Infrastructure.ControllerActionInvoker.<InvokeActionMethodAsync>g__Awaited|12_0(ControllerActionInvoker invoker, ValueTask`1 actionResultValueTask)
   at Microsoft.AspNetCore.Mvc.Infrastructure.ControllerActionInvoker.<InvokeNextActionFilterAsync>g__Awaited|10_0(ControllerActionInvoker invoker, Task lastTask, State next, Scope scope, Object state, Boolean isCompleted)
   at Microsoft.AspNetCore.Mvc.Infrastructure.ControllerActionInvoker.Rethrow(ActionExecutedContextSealed context)
   at Microsoft.AspNetCore.Mvc.Infrastructure.ControllerActionInvoker.Next(State& next, Scope& scope, Object& state, Boolean& isCompleted)
   at Microsoft.AspNetCore.Mvc.Infrastructure.ControllerActionInvoker.<InvokeInnerFilterAsync>g__Awaited|13_0(ControllerActionInvoker invoker, Task lastTask, State next, Scope scope, Object state, Boolean isCompleted)
   at Microsoft.AspNetCore.Mvc.Infrastructure.ResourceInvoker.<InvokeNextExceptionFilterAsync>g__Awaited|25_0(ResourceInvoker invoker, Task lastTask, State next, Scope scope, Object state, Boolean isCompleted) 
2021-10-17 22:23:20.3392||ERROR|VuonDau.WebApi.Handlers.ErrorHandlingFilter|AutoMapper.AutoMapperMappingException: Missing type map configuration or unsupported mapping.

Mapping types:
Object -> CustomerViewModel
System.Object -> VuonDau.Business.ViewModel.CustomerViewModel
   at lambda_method265(Closure , Object , CustomerViewModel , ResolutionContext )
   at VuonDau.Business.Services.CustomerService.UpdateCustomer(Guid id, UpdateCustomerRequest request) in D:\Education\Ky7\vuondauBE-update-database\VuonDau.Business\Services\CustomerService.cs:line 84
   at VuonDau.WebApi.Controllers.CustomersController.UpdateCustomer(Guid id, UpdateCustomerRequest request) in D:\Education\Ky7\vuondauBE-update-database\VuonDau.WebApi\Controllers\CustomersController.cs:line 110
   at Microsoft.AspNetCore.Mvc.Infrastructure.ActionMethodExecutor.TaskOfIActionResultExecutor.Execute(IActionResultTypeMapper mapper, ObjectMethodExecutor executor, Object controller, Object[] arguments)
   at Microsoft.AspNetCore.Mvc.Infrastructure.ControllerActionInvoker.<InvokeActionMethodAsync>g__Awaited|12_0(ControllerActionInvoker invoker, ValueTask`1 actionResultValueTask)
   at Microsoft.AspNetCore.Mvc.Infrastructure.ControllerActionInvoker.<InvokeNextActionFilterAsync>g__Awaited|10_0(ControllerActionInvoker invoker, Task lastTask, State next, Scope scope, Object state, Boolean isCompleted)
   at Microsoft.AspNetCore.Mvc.Infrastructure.ControllerActionInvoker.Rethrow(ActionExecutedContextSealed context)
   at Microsoft.AspNetCore.Mvc.Infrastructure.ControllerActionInvoker.Next(State& next, Scope& scope, Object& state, Boolean& isCompleted)
   at Microsoft.AspNetCore.Mvc.Infrastructure.ControllerActionInvoker.<InvokeInnerFilterAsync>g__Awaited|13_0(ControllerActionInvoker invoker, Task lastTask, State next, Scope scope, Object state, Boolean isCompleted)
   at Microsoft.AspNetCore.Mvc.Infrastructure.ResourceInvoker.<InvokeNextExceptionFilterAsync>g__Awaited|25_0(ResourceInvoker invoker, Task lastTask, State next, Scope scope, Object state, Boolean isCompleted) 
2021-10-17 22:25:12.3404||ERROR|VuonDau.WebApi.Handlers.ErrorHandlingFilter|AutoMapper.AutoMapperMappingException: Missing type map configuration or unsupported mapping.

Mapping types:
Object -> ProductViewModel
System.Object -> VuonDau.Business.ViewModel.ProductViewModel
   at lambda_method413(Closure , Object , ProductViewModel , ResolutionContext )
   at VuonDau.Business.Services.ProductService.UpdateProduct(Guid id, UpdateProductRequest request) in D:\Education\Ky7\vuondauBE-update-database\VuonDau.Business\Services\ProductService.cs:line 67
   at VuonDau.WebApi.Controllers.ProductsController.UpdateFarmer(Guid id, UpdateProductRequest request) in D:\Education\Ky7\vuondauBE-update-database\VuonDau.WebApi\Controllers\ProductsController.cs:line 69
   at Microsoft.AspNetCore.Mvc.Infrastructure.ActionMethodExecutor.TaskOfIActionResultExecutor.Execute(IActionResultTypeMapper mapper, ObjectMethodExecutor executor, Object controller, Object[] arguments)
   at Microsoft.AspNetCore.Mvc.Infrastructure.ControllerActionInvoker.<InvokeActionMethodAsync>g__Awaited|12_0(ControllerActionInvoker invoker, ValueTask`1 actionResultValueTask)
   at Microsoft.AspNetCore.Mvc.Infrastructure.ControllerActionInvoker.<InvokeNextActionFilterAsync>g__Awaited|10_0(ControllerActionInvoker invoker, Task lastTask, State next, Scope scope, Object state, Boolean isCompleted)
   at Microsoft.AspNetCore.Mvc.Infrastructure.ControllerActionInvoker.Rethrow(ActionExecutedContextSealed context)
   at Microsoft.AspNetCore.Mvc.Infrastructure.ControllerActionInvoker.Next(State& next, Scope& scope, Object& state, Boolean& isCompleted)
   at Microsoft.AspNetCore.Mvc.Infrastructure.ControllerActionInvoker.<InvokeInnerFilterAsync>g__Awaited|13_0(ControllerActionInvoker invoker, Task lastTask, State next, Scope scope, Object state, Boolean isCompleted)
   at Microsoft.AspNetCore.Mvc.Infrastructure.ResourceInvoker.<InvokeNextExceptionFilterAsync>g__Awaited|25_0(ResourceInvoker invoker, Task lastTask, State next, Scope scope, Object state, Boolean isCompleted) 
2021-10-17 22:32:11.9909||ERROR|VuonDau.WebApi.Handlers.ErrorHandlingFilter|AutoMapper.AutoMapperMappingException: Missing type map configuration or unsupported mapping.

Mapping types:
Object -> CustomerViewModel
System.Object -> VuonDau.Business.ViewModel.CustomerViewModel
   at lambda_method265(Closure , Object , CustomerViewModel , ResolutionContext )
   at VuonDau.Business.Services.CustomerService.UpdateCustomer(Guid id, UpdateCustomerRequest request) in D:\Education\Ky7\vuondauBE-update-database\VuonDau.Business\Services\CustomerService.cs:line 84
   at VuonDau.WebApi.Controllers.CustomersController.UpdateCustomer(Guid id, UpdateCustomerRequest request) in D:\Education\Ky7\vuondauBE-update-database\VuonDau.WebApi\Controllers\CustomersController.cs:line 110
   at Microsoft.AspNetCore.Mvc.Infrastructure.ActionMethodExecutor.TaskOfIActionResultExecutor.Execute(IActionResultTypeMapper mapper, ObjectMethodExecutor executor, Object controller, Object[] arguments)
   at Microsoft.AspNetCore.Mvc.Infrastructure.ControllerActionInvoker.<InvokeActionMethodAsync>g__Awaited|12_0(ControllerActionInvoker invoker, ValueTask`1 actionResultValueTask)
   at Microsoft.AspNetCore.Mvc.Infrastructure.ControllerActionInvoker.<InvokeNextActionFilterAsync>g__Awaited|10_0(ControllerActionInvoker invoker, Task lastTask, State next, Scope scope, Object state, Boolean isCompleted)
   at Microsoft.AspNetCore.Mvc.Infrastructure.ControllerActionInvoker.Rethrow(ActionExecutedContextSealed context)
   at Microsoft.AspNetCore.Mvc.Infrastructure.ControllerActionInvoker.Next(State& next, Scope& scope, Object& state, Boolean& isCompleted)
   at Microsoft.AspNetCore.Mvc.Infrastructure.ControllerActionInvoker.InvokeInnerFilterAsync()
--- End of stack trace from previous location ---
   at Microsoft.AspNetCore.Mvc.Infrastructure.ResourceInvoker.<InvokeNextExceptionFilterAsync>g__Awaited|25_0(ResourceInvoker invoker, Task lastTask, State next, Scope scope, Object state, Boolean isCompleted) 
2021-10-17 22:32:25.2370||ERROR|VuonDau.WebApi.Handlers.ErrorHandlingFilter|AutoMapper.AutoMapperMappingException: Missing type map configuration or unsupported mapping.

Mapping types:
Object -> CustomerViewModel
System.Object -> VuonDau.Business.ViewModel.CustomerViewModel
   at lambda_method265(Closure , Object , CustomerViewModel , ResolutionContext )
   at VuonDau.Business.Services.CustomerService.UpdateCustomer(Guid id, UpdateCustomerRequest request) in D:\Education\Ky7\vuondauBE-update-database\VuonDau.Business\Services\CustomerService.cs:line 84
   at VuonDau.WebApi.Controllers.CustomersController.UpdateCustomer(Guid id, UpdateCustomerRequest request) in D:\Education\Ky7\vuondauBE-update-database\VuonDau.WebApi\Controllers\CustomersController.cs:line 110
   at Microsoft.AspNetCore.Mvc.Infrastructure.ActionMethodExecutor.TaskOfIActionResultExecutor.Execute(IActionResultTypeMapper mapper, ObjectMethodExecutor executor, Object controller, Object[] arguments)
   at Microsoft.AspNetCore.Mvc.Infrastructure.ControllerActionInvoker.<InvokeActionMethodAsync>g__Awaited|12_0(ControllerActionInvoker invoker, ValueTask`1 actionResultValueTask)
   at Microsoft.AspNetCore.Mvc.Infrastructure.ControllerActionInvoker.<InvokeNextActionFilterAsync>g__Awaited|10_0(ControllerActionInvoker invoker, Task lastTask, State next, Scope scope, Object state, Boolean isCompleted)
   at Microsoft.AspNetCore.Mvc.Infrastructure.ControllerActionInvoker.Rethrow(ActionExecutedContextSealed context)
   at Microsoft.AspNetCore.Mvc.Infrastructure.ControllerActionInvoker.Next(State& next, Scope& scope, Object& state, Boolean& isCompleted)
   at Microsoft.AspNetCore.Mvc.Infrastructure.ControllerActionInvoker.<InvokeInnerFilterAsync>g__Awaited|13_0(ControllerActionInvoker invoker, Task lastTask, State next, Scope scope, Object state, Boolean isCompleted)
   at Microsoft.AspNetCore.Mvc.Infrastructure.ResourceInvoker.<InvokeNextExceptionFilterAsync>g__Awaited|25_0(ResourceInvoker invoker, Task lastTask, State next, Scope scope, Object state, Boolean isCompleted) 
2021-10-17 22:39:54.2121||ERROR|VuonDau.WebApi.Handlers.ErrorHandlingFilter|System.InvalidOperationException: Missing map from VuonDau.Data.Models.Customer to VuonDau.Business.ViewModel.CustomerFullViewModel. Create using CreateMap<Customer, CustomerFullViewModel>.
   at AutoMapper.QueryableExtensions.ExpressionBuilder.CreateMapExpressionCore(ExpressionRequest request, Expression instanceParameter, IDictionary`2 typePairCount, LetPropertyMaps letPropertyMaps, TypeMap& typeMap)
   at AutoMapper.QueryableExtensions.ExpressionBuilder.CreateMapExpression(ExpressionRequest request, IDictionary`2 typePairCount, LetPropertyMaps letPropertyMaps)
   at AutoMapper.QueryableExtensions.ExpressionBuilder.CreateMapExpression(ExpressionRequest request)
   at AutoMapper.Internal.LockingConcurrentDictionary`2.<>c__DisplayClass2_1.<.ctor>b__1()
   at System.Lazy`1.ViaFactory(LazyThreadSafetyMode mode)
   at System.Lazy`1.ExecutionAndPublication(LazyHelper executionAndPublication, Boolean useDefaultConstructor)
   at System.Lazy`1.CreateValue()
   at AutoMapper.Internal.LockingConcurrentDictionary`2.GetOrAdd(TKey key)
   at AutoMapper.QueryableExtensions.ExpressionBuilder.GetMapExpression(Type sourceType, Type destinationType, Object parameters, MemberInfo[] membersToExpand)
   at AutoMapper.QueryableExtensions.ProjectionExpression.ToCore(Type destinationType, Object parameters, IEnumerable`1 memberPathsToExpand)
   at AutoMapper.QueryableExtensions.ProjectionExpression.ToCore[TResult](Object parameters, IEnumerable`1 memberPathsToExpand)
   at AutoMapper.QueryableExtensions.ProjectionExpression.To[TResult](Object parameters, Expression`1[] membersToExpand)
   at AutoMapper.QueryableExtensions.Extensions.ProjectTo[TDestination](IQueryable source, IConfigurationProvider configuration, Object parameters, Expression`1[] membersToExpand)
   at AutoMapper.QueryableExtensions.Extensions.ProjectTo[TDestination](IQueryable source, IConfigurationProvider configuration, Expression`1[] membersToExpand)
   at VuonDau.Business.Services.CustomerService.GetAllCustomers() in D:\Education\Ky7\vuondauBE-update-database\VuonDau.Business\Services\CustomerService.cs:line 43
   at VuonDau.WebApi.Controllers.CustomersController.GetCustomers() in D:\Education\Ky7\vuondauBE-update-database\VuonDau.WebApi\Controllers\CustomersController.cs:line 56
   at Microsoft.AspNetCore.Mvc.Infrastructure.ActionMethodExecutor.TaskOfIActionResultExecutor.Execute(IActionResultTypeMapper mapper, ObjectMethodExecutor executor, Object controller, Object[] arguments)
   at Microsoft.AspNetCore.Mvc.Infrastructure.ControllerActionInvoker.<InvokeActionMethodAsync>g__Awaited|12_0(ControllerActionInvoker invoker, ValueTask`1 actionResultValueTask)
   at Microsoft.AspNetCore.Mvc.Infrastructure.ControllerActionInvoker.<InvokeNextActionFilterAsync>g__Awaited|10_0(ControllerActionInvoker invoker, Task lastTask, State next, Scope scope, Object state, Boolean isCompleted)
   at Microsoft.AspNetCore.Mvc.Infrastructure.ControllerActionInvoker.Rethrow(ActionExecutedContextSealed context)
   at Microsoft.AspNetCore.Mvc.Infrastructure.ControllerActionInvoker.Next(State& next, Scope& scope, Object& state, Boolean& isCompleted)
   at Microsoft.AspNetCore.Mvc.Infrastructure.ControllerActionInvoker.InvokeInnerFilterAsync()
--- End of stack trace from previous location ---
   at Microsoft.AspNetCore.Mvc.Infrastructure.ResourceInvoker.<InvokeNextExceptionFilterAsync>g__Awaited|25_0(ResourceInvoker invoker, Task lastTask, State next, Scope scope, Object state, Boolean isCompleted) 
