2021-10-14 17:20:16.1180||ERROR|VuonDau.WebApi.Program|Stopped program because of exception System.InvalidOperationException: Error deserializing JSON credential data.
 ---> System.ArgumentNullException: Value cannot be null. (Parameter 'stream')
   at System.IO.StreamReader..ctor(Stream stream, Encoding encoding, Boolean detectEncodingFromByteOrderMarks, Int32 bufferSize, Boolean leaveOpen)
   at System.IO.StreamReader..ctor(Stream stream)
   at Google.Apis.Json.NewtonsoftJsonSerializer.Deserialize[T](Stream input)
   at Google.Apis.Auth.OAuth2.DefaultCredentialProvider.CreateDefaultCredentialFromStream(Stream stream)
   --- End of inner exception stack trace ---
   at Google.Apis.Auth.OAuth2.DefaultCredentialProvider.CreateDefaultCredentialFromStream(Stream stream)
   at Google.Apis.Auth.OAuth2.GoogleCredential.FromStream(Stream stream)
   at VuonDau.WebApi.Startup.ConfigureServices(IServiceCollection services) in C:\Users\vuong\Desktop\SWR-VuonDauBE\vuondauBE\VuonDau.WebApi\Startup.cs:line 49
   at System.RuntimeMethodHandle.InvokeMethod(Object target, Object[] arguments, Signature sig, Boolean constructor, Boolean wrapExceptions)
   at System.Reflection.RuntimeMethodInfo.Invoke(Object obj, BindingFlags invokeAttr, Binder binder, Object[] parameters, CultureInfo culture)
   at Microsoft.AspNetCore.Hosting.ConfigureServicesBuilder.InvokeCore(Object instance, IServiceCollection services)
   at Microsoft.AspNetCore.Hosting.ConfigureServicesBuilder.<>c__DisplayClass9_0.<Invoke>g__Startup|0(IServiceCollection serviceCollection)
   at Microsoft.AspNetCore.Hosting.ConfigureServicesBuilder.Invoke(Object instance, IServiceCollection services)
   at Microsoft.AspNetCore.Hosting.ConfigureServicesBuilder.<>c__DisplayClass8_0.<Build>b__0(IServiceCollection services)
   at Microsoft.AspNetCore.Hosting.GenericWebHostBuilder.UseStartup(Type startupType, HostBuilderContext context, IServiceCollection services, Object instance)
   at Microsoft.AspNetCore.Hosting.GenericWebHostBuilder.<>c__DisplayClass13_0.<UseStartup>b__0(HostBuilderContext context, IServiceCollection services)
   at Microsoft.Extensions.Hosting.HostBuilder.CreateServiceProvider()
   at Microsoft.Extensions.Hosting.HostBuilder.Build()
   at VuonDau.WebApi.Program.Main(String[] args) in C:\Users\vuong\Desktop\SWR-VuonDauBE\vuondauBE\VuonDau.WebApi\Program.cs:line 21
2021-10-14 17:22:59.9642||ERROR|VuonDau.WebApi.Program|Stopped program because of exception System.InvalidOperationException: Error deserializing JSON credential data.
 ---> System.ArgumentNullException: Value cannot be null. (Parameter 'stream')
   at System.IO.StreamReader..ctor(Stream stream, Encoding encoding, Boolean detectEncodingFromByteOrderMarks, Int32 bufferSize, Boolean leaveOpen)
   at System.IO.StreamReader..ctor(Stream stream)
   at Google.Apis.Json.NewtonsoftJsonSerializer.Deserialize[T](Stream input)
   at Google.Apis.Auth.OAuth2.DefaultCredentialProvider.CreateDefaultCredentialFromStream(Stream stream)
   --- End of inner exception stack trace ---
   at Google.Apis.Auth.OAuth2.DefaultCredentialProvider.CreateDefaultCredentialFromStream(Stream stream)
   at Google.Apis.Auth.OAuth2.GoogleCredential.FromStream(Stream stream)
   at VuonDau.WebApi.Startup.ConfigureServices(IServiceCollection services) in C:\Users\vuong\Desktop\SWR-VuonDauBE\vuondauBE\VuonDau.WebApi\Startup.cs:line 49
   at System.RuntimeMethodHandle.InvokeMethod(Object target, Object[] arguments, Signature sig, Boolean constructor, Boolean wrapExceptions)
   at System.Reflection.RuntimeMethodInfo.Invoke(Object obj, BindingFlags invokeAttr, Binder binder, Object[] parameters, CultureInfo culture)
   at Microsoft.AspNetCore.Hosting.ConfigureServicesBuilder.InvokeCore(Object instance, IServiceCollection services)
   at Microsoft.AspNetCore.Hosting.ConfigureServicesBuilder.<>c__DisplayClass9_0.<Invoke>g__Startup|0(IServiceCollection serviceCollection)
   at Microsoft.AspNetCore.Hosting.ConfigureServicesBuilder.Invoke(Object instance, IServiceCollection services)
   at Microsoft.AspNetCore.Hosting.ConfigureServicesBuilder.<>c__DisplayClass8_0.<Build>b__0(IServiceCollection services)
   at Microsoft.AspNetCore.Hosting.GenericWebHostBuilder.UseStartup(Type startupType, HostBuilderContext context, IServiceCollection services, Object instance)
   at Microsoft.AspNetCore.Hosting.GenericWebHostBuilder.<>c__DisplayClass13_0.<UseStartup>b__0(HostBuilderContext context, IServiceCollection services)
   at Microsoft.Extensions.Hosting.HostBuilder.CreateServiceProvider()
   at Microsoft.Extensions.Hosting.HostBuilder.Build()
   at VuonDau.WebApi.Program.Main(String[] args) in C:\Users\vuong\Desktop\SWR-VuonDauBE\vuondauBE\VuonDau.WebApi\Program.cs:line 21
2021-10-14 17:24:03.1423||ERROR|VuonDau.WebApi.Program|Stopped program because of exception System.InvalidOperationException: Error deserializing JSON credential data.
 ---> System.ArgumentNullException: Value cannot be null. (Parameter 'stream')
   at System.IO.StreamReader..ctor(Stream stream, Encoding encoding, Boolean detectEncodingFromByteOrderMarks, Int32 bufferSize, Boolean leaveOpen)
   at System.IO.StreamReader..ctor(Stream stream)
   at Google.Apis.Json.NewtonsoftJsonSerializer.Deserialize[T](Stream input)
   at Google.Apis.Auth.OAuth2.DefaultCredentialProvider.CreateDefaultCredentialFromStream(Stream stream)
   --- End of inner exception stack trace ---
   at Google.Apis.Auth.OAuth2.DefaultCredentialProvider.CreateDefaultCredentialFromStream(Stream stream)
   at Google.Apis.Auth.OAuth2.GoogleCredential.FromStream(Stream stream)
   at VuonDau.WebApi.Startup.ConfigureServices(IServiceCollection services) in C:\Users\vuong\Desktop\SWR-VuonDauBE\vuondauBE\VuonDau.WebApi\Startup.cs:line 49
   at System.RuntimeMethodHandle.InvokeMethod(Object target, Object[] arguments, Signature sig, Boolean constructor, Boolean wrapExceptions)
   at System.Reflection.RuntimeMethodInfo.Invoke(Object obj, BindingFlags invokeAttr, Binder binder, Object[] parameters, CultureInfo culture)
   at Microsoft.AspNetCore.Hosting.ConfigureServicesBuilder.InvokeCore(Object instance, IServiceCollection services)
   at Microsoft.AspNetCore.Hosting.ConfigureServicesBuilder.<>c__DisplayClass9_0.<Invoke>g__Startup|0(IServiceCollection serviceCollection)
   at Microsoft.AspNetCore.Hosting.ConfigureServicesBuilder.Invoke(Object instance, IServiceCollection services)
   at Microsoft.AspNetCore.Hosting.ConfigureServicesBuilder.<>c__DisplayClass8_0.<Build>b__0(IServiceCollection services)
   at Microsoft.AspNetCore.Hosting.GenericWebHostBuilder.UseStartup(Type startupType, HostBuilderContext context, IServiceCollection services, Object instance)
   at Microsoft.AspNetCore.Hosting.GenericWebHostBuilder.<>c__DisplayClass13_0.<UseStartup>b__0(HostBuilderContext context, IServiceCollection services)
   at Microsoft.Extensions.Hosting.HostBuilder.CreateServiceProvider()
   at Microsoft.Extensions.Hosting.HostBuilder.Build()
   at VuonDau.WebApi.Program.Main(String[] args) in C:\Users\vuong\Desktop\SWR-VuonDauBE\vuondauBE\VuonDau.WebApi\Program.cs:line 21
2021-10-14 17:25:28.2425||ERROR|VuonDau.WebApi.Program|Stopped program because of exception System.InvalidOperationException: Error deserializing JSON credential data.
 ---> System.ArgumentNullException: Value cannot be null. (Parameter 'stream')
   at System.IO.StreamReader..ctor(Stream stream, Encoding encoding, Boolean detectEncodingFromByteOrderMarks, Int32 bufferSize, Boolean leaveOpen)
   at System.IO.StreamReader..ctor(Stream stream)
   at Google.Apis.Json.NewtonsoftJsonSerializer.Deserialize[T](Stream input)
   at Google.Apis.Auth.OAuth2.DefaultCredentialProvider.CreateDefaultCredentialFromStream(Stream stream)
   --- End of inner exception stack trace ---
   at Google.Apis.Auth.OAuth2.DefaultCredentialProvider.CreateDefaultCredentialFromStream(Stream stream)
   at Google.Apis.Auth.OAuth2.GoogleCredential.FromStream(Stream stream)
   at VuonDau.WebApi.Startup.ConfigureServices(IServiceCollection services) in C:\Users\vuong\Desktop\SWR-VuonDauBE\vuondauBE\VuonDau.WebApi\Startup.cs:line 49
   at System.RuntimeMethodHandle.InvokeMethod(Object target, Object[] arguments, Signature sig, Boolean constructor, Boolean wrapExceptions)
   at System.Reflection.RuntimeMethodInfo.Invoke(Object obj, BindingFlags invokeAttr, Binder binder, Object[] parameters, CultureInfo culture)
   at Microsoft.AspNetCore.Hosting.ConfigureServicesBuilder.InvokeCore(Object instance, IServiceCollection services)
   at Microsoft.AspNetCore.Hosting.ConfigureServicesBuilder.<>c__DisplayClass9_0.<Invoke>g__Startup|0(IServiceCollection serviceCollection)
   at Microsoft.AspNetCore.Hosting.ConfigureServicesBuilder.Invoke(Object instance, IServiceCollection services)
   at Microsoft.AspNetCore.Hosting.ConfigureServicesBuilder.<>c__DisplayClass8_0.<Build>b__0(IServiceCollection services)
   at Microsoft.AspNetCore.Hosting.GenericWebHostBuilder.UseStartup(Type startupType, HostBuilderContext context, IServiceCollection services, Object instance)
   at Microsoft.AspNetCore.Hosting.GenericWebHostBuilder.<>c__DisplayClass13_0.<UseStartup>b__0(HostBuilderContext context, IServiceCollection services)
   at Microsoft.Extensions.Hosting.HostBuilder.CreateServiceProvider()
   at Microsoft.Extensions.Hosting.HostBuilder.Build()
   at VuonDau.WebApi.Program.Main(String[] args) in C:\Users\vuong\Desktop\SWR-VuonDauBE\vuondauBE\VuonDau.WebApi\Program.cs:line 21
2021-10-14 17:27:46.2903||ERROR|VuonDau.WebApi.Program|Stopped program because of exception System.InvalidOperationException: Error deserializing JSON credential data.
 ---> System.ArgumentNullException: Value cannot be null. (Parameter 'stream')
   at System.IO.StreamReader..ctor(Stream stream, Encoding encoding, Boolean detectEncodingFromByteOrderMarks, Int32 bufferSize, Boolean leaveOpen)
   at System.IO.StreamReader..ctor(Stream stream)
   at Google.Apis.Json.NewtonsoftJsonSerializer.Deserialize[T](Stream input)
   at Google.Apis.Auth.OAuth2.DefaultCredentialProvider.CreateDefaultCredentialFromStream(Stream stream)
   --- End of inner exception stack trace ---
   at Google.Apis.Auth.OAuth2.DefaultCredentialProvider.CreateDefaultCredentialFromStream(Stream stream)
   at Google.Apis.Auth.OAuth2.GoogleCredential.FromStream(Stream stream)
   at VuonDau.WebApi.Startup.ConfigureServices(IServiceCollection services) in C:\Users\vuong\Desktop\SWR-VuonDauBE\vuondauBE\VuonDau.WebApi\Startup.cs:line 75
   at System.RuntimeMethodHandle.InvokeMethod(Object target, Object[] arguments, Signature sig, Boolean constructor, Boolean wrapExceptions)
   at System.Reflection.RuntimeMethodInfo.Invoke(Object obj, BindingFlags invokeAttr, Binder binder, Object[] parameters, CultureInfo culture)
   at Microsoft.AspNetCore.Hosting.ConfigureServicesBuilder.InvokeCore(Object instance, IServiceCollection services)
   at Microsoft.AspNetCore.Hosting.ConfigureServicesBuilder.<>c__DisplayClass9_0.<Invoke>g__Startup|0(IServiceCollection serviceCollection)
   at Microsoft.AspNetCore.Hosting.ConfigureServicesBuilder.Invoke(Object instance, IServiceCollection services)
   at Microsoft.AspNetCore.Hosting.ConfigureServicesBuilder.<>c__DisplayClass8_0.<Build>b__0(IServiceCollection services)
   at Microsoft.AspNetCore.Hosting.GenericWebHostBuilder.UseStartup(Type startupType, HostBuilderContext context, IServiceCollection services, Object instance)
   at Microsoft.AspNetCore.Hosting.GenericWebHostBuilder.<>c__DisplayClass13_0.<UseStartup>b__0(HostBuilderContext context, IServiceCollection services)
   at Microsoft.Extensions.Hosting.HostBuilder.CreateServiceProvider()
   at Microsoft.Extensions.Hosting.HostBuilder.Build()
   at VuonDau.WebApi.Program.Main(String[] args) in C:\Users\vuong\Desktop\SWR-VuonDauBE\vuondauBE\VuonDau.WebApi\Program.cs:line 21
2021-10-14 17:39:36.6831||ERROR|VuonDau.WebApi.Program|Stopped program because of exception System.InvalidOperationException: Error deserializing JSON credential data.
 ---> System.ArgumentNullException: Value cannot be null. (Parameter 'stream')
   at System.IO.StreamReader..ctor(Stream stream, Encoding encoding, Boolean detectEncodingFromByteOrderMarks, Int32 bufferSize, Boolean leaveOpen)
   at System.IO.StreamReader..ctor(Stream stream)
   at Google.Apis.Json.NewtonsoftJsonSerializer.Deserialize[T](Stream input)
   at Google.Apis.Auth.OAuth2.DefaultCredentialProvider.CreateDefaultCredentialFromStream(Stream stream)
   --- End of inner exception stack trace ---
   at Google.Apis.Auth.OAuth2.DefaultCredentialProvider.CreateDefaultCredentialFromStream(Stream stream)
   at Google.Apis.Auth.OAuth2.GoogleCredential.FromStream(Stream stream)
   at VuonDau.WebApi.Startup.ConfigureServices(IServiceCollection services) in C:\Users\vuong\Desktop\SWR-VuonDauBE\vuondauBE\VuonDau.WebApi\Startup.cs:line 75
   at System.RuntimeMethodHandle.InvokeMethod(Object target, Object[] arguments, Signature sig, Boolean constructor, Boolean wrapExceptions)
   at System.Reflection.RuntimeMethodInfo.Invoke(Object obj, BindingFlags invokeAttr, Binder binder, Object[] parameters, CultureInfo culture)
   at Microsoft.AspNetCore.Hosting.ConfigureServicesBuilder.InvokeCore(Object instance, IServiceCollection services)
   at Microsoft.AspNetCore.Hosting.ConfigureServicesBuilder.<>c__DisplayClass9_0.<Invoke>g__Startup|0(IServiceCollection serviceCollection)
   at Microsoft.AspNetCore.Hosting.ConfigureServicesBuilder.Invoke(Object instance, IServiceCollection services)
   at Microsoft.AspNetCore.Hosting.ConfigureServicesBuilder.<>c__DisplayClass8_0.<Build>b__0(IServiceCollection services)
   at Microsoft.AspNetCore.Hosting.GenericWebHostBuilder.UseStartup(Type startupType, HostBuilderContext context, IServiceCollection services, Object instance)
   at Microsoft.AspNetCore.Hosting.GenericWebHostBuilder.<>c__DisplayClass13_0.<UseStartup>b__0(HostBuilderContext context, IServiceCollection services)
   at Microsoft.Extensions.Hosting.HostBuilder.CreateServiceProvider()
   at Microsoft.Extensions.Hosting.HostBuilder.Build()
   at VuonDau.WebApi.Program.Main(String[] args) in C:\Users\vuong\Desktop\SWR-VuonDauBE\vuondauBE\VuonDau.WebApi\Program.cs:line 21
2021-10-14 18:59:33.8591||ERROR|VuonDau.WebApi.Program|Stopped program because of exception System.InvalidOperationException: Error deserializing JSON credential data.
 ---> System.ArgumentNullException: Value cannot be null. (Parameter 'stream')
   at System.IO.StreamReader..ctor(Stream stream, Encoding encoding, Boolean detectEncodingFromByteOrderMarks, Int32 bufferSize, Boolean leaveOpen)
   at System.IO.StreamReader..ctor(Stream stream)
   at Google.Apis.Json.NewtonsoftJsonSerializer.Deserialize[T](Stream input)
   at Google.Apis.Auth.OAuth2.DefaultCredentialProvider.CreateDefaultCredentialFromStream(Stream stream)
   --- End of inner exception stack trace ---
   at Google.Apis.Auth.OAuth2.DefaultCredentialProvider.CreateDefaultCredentialFromStream(Stream stream)
   at Google.Apis.Auth.OAuth2.GoogleCredential.FromStream(Stream stream)
   at VuonDau.WebApi.Startup.ConfigureServices(IServiceCollection services) in C:\Users\vuong\Desktop\SWR-VuonDauBE\vuondauBE\VuonDau.WebApi\Startup.cs:line 75
   at System.RuntimeMethodHandle.InvokeMethod(Object target, Object[] arguments, Signature sig, Boolean constructor, Boolean wrapExceptions)
   at System.Reflection.RuntimeMethodInfo.Invoke(Object obj, BindingFlags invokeAttr, Binder binder, Object[] parameters, CultureInfo culture)
   at Microsoft.AspNetCore.Hosting.ConfigureServicesBuilder.InvokeCore(Object instance, IServiceCollection services)
   at Microsoft.AspNetCore.Hosting.ConfigureServicesBuilder.<>c__DisplayClass9_0.<Invoke>g__Startup|0(IServiceCollection serviceCollection)
   at Microsoft.AspNetCore.Hosting.ConfigureServicesBuilder.Invoke(Object instance, IServiceCollection services)
   at Microsoft.AspNetCore.Hosting.ConfigureServicesBuilder.<>c__DisplayClass8_0.<Build>b__0(IServiceCollection services)
   at Microsoft.AspNetCore.Hosting.GenericWebHostBuilder.UseStartup(Type startupType, HostBuilderContext context, IServiceCollection services, Object instance)
   at Microsoft.AspNetCore.Hosting.GenericWebHostBuilder.<>c__DisplayClass13_0.<UseStartup>b__0(HostBuilderContext context, IServiceCollection services)
   at Microsoft.Extensions.Hosting.HostBuilder.CreateServiceProvider()
   at Microsoft.Extensions.Hosting.HostBuilder.Build()
   at VuonDau.WebApi.Program.Main(String[] args) in C:\Users\vuong\Desktop\SWR-VuonDauBE\vuondauBE\VuonDau.WebApi\Program.cs:line 21
2021-10-14 19:00:45.1636||ERROR|VuonDau.WebApi.Program|Stopped program because of exception System.InvalidOperationException: Error deserializing JSON credential data.
 ---> System.ArgumentNullException: Value cannot be null. (Parameter 'stream')
   at System.IO.StreamReader..ctor(Stream stream, Encoding encoding, Boolean detectEncodingFromByteOrderMarks, Int32 bufferSize, Boolean leaveOpen)
   at System.IO.StreamReader..ctor(Stream stream)
   at Google.Apis.Json.NewtonsoftJsonSerializer.Deserialize[T](Stream input)
   at Google.Apis.Auth.OAuth2.DefaultCredentialProvider.CreateDefaultCredentialFromStream(Stream stream)
   --- End of inner exception stack trace ---
   at Google.Apis.Auth.OAuth2.DefaultCredentialProvider.CreateDefaultCredentialFromStream(Stream stream)
   at Google.Apis.Auth.OAuth2.GoogleCredential.FromStream(Stream stream)
   at VuonDau.WebApi.Startup.ConfigureServices(IServiceCollection services) in C:\Users\vuong\Desktop\SWR-VuonDauBE\vuondauBE\VuonDau.WebApi\Startup.cs:line 75
   at System.RuntimeMethodHandle.InvokeMethod(Object target, Object[] arguments, Signature sig, Boolean constructor, Boolean wrapExceptions)
   at System.Reflection.RuntimeMethodInfo.Invoke(Object obj, BindingFlags invokeAttr, Binder binder, Object[] parameters, CultureInfo culture)
   at Microsoft.AspNetCore.Hosting.ConfigureServicesBuilder.InvokeCore(Object instance, IServiceCollection services)
   at Microsoft.AspNetCore.Hosting.ConfigureServicesBuilder.<>c__DisplayClass9_0.<Invoke>g__Startup|0(IServiceCollection serviceCollection)
   at Microsoft.AspNetCore.Hosting.ConfigureServicesBuilder.Invoke(Object instance, IServiceCollection services)
   at Microsoft.AspNetCore.Hosting.ConfigureServicesBuilder.<>c__DisplayClass8_0.<Build>b__0(IServiceCollection services)
   at Microsoft.AspNetCore.Hosting.GenericWebHostBuilder.UseStartup(Type startupType, HostBuilderContext context, IServiceCollection services, Object instance)
   at Microsoft.AspNetCore.Hosting.GenericWebHostBuilder.<>c__DisplayClass13_0.<UseStartup>b__0(HostBuilderContext context, IServiceCollection services)
   at Microsoft.Extensions.Hosting.HostBuilder.CreateServiceProvider()
   at Microsoft.Extensions.Hosting.HostBuilder.Build()
   at VuonDau.WebApi.Program.Main(String[] args) in C:\Users\vuong\Desktop\SWR-VuonDauBE\vuondauBE\VuonDau.WebApi\Program.cs:line 21
2021-10-14 19:53:17.2271||ERROR|VuonDau.WebApi.Handlers.ErrorHandlingFilter|FirebaseAdmin.Auth.FirebaseAuthException: Failed to get user with uid: string
   at FirebaseAdmin.Auth.Users.FirebaseUserManager.GetUserAsync(UserQuery query, CancellationToken cancellationToken)
   at FirebaseAdmin.Auth.Users.FirebaseUserManager.GetUserByIdAsync(String uid, CancellationToken cancellationToken)
   at FirebaseAdmin.Auth.AbstractFirebaseAuth.GetUserAsync(String uid, CancellationToken cancellationToken)
   at FirebaseAdmin.Auth.AbstractFirebaseAuth.GetUserAsync(String uid)
   at VuonDau.Business.Services.CustomerService.Login(LoginRequests loginRequest, IConfiguration configuration) in C:\Users\vuong\Desktop\SWR-VuonDauBE\vuondauBE\VuonDau.Business\Services\CustomerService.cs:line 100
   at VuonDau.WebApi.Controllers.CustomersController.Login(LoginRequests request) in C:\Users\vuong\Desktop\SWR-VuonDauBE\vuondauBE\VuonDau.WebApi\Controllers\CustomersController.cs:line 23
   at Microsoft.AspNetCore.Mvc.Infrastructure.ActionMethodExecutor.TaskOfIActionResultExecutor.Execute(IActionResultTypeMapper mapper, ObjectMethodExecutor executor, Object controller, Object[] arguments)
   at Microsoft.AspNetCore.Mvc.Infrastructure.ControllerActionInvoker.<InvokeActionMethodAsync>g__Awaited|12_0(ControllerActionInvoker invoker, ValueTask`1 actionResultValueTask)
   at Microsoft.AspNetCore.Mvc.Infrastructure.ControllerActionInvoker.<InvokeNextActionFilterAsync>g__Awaited|10_0(ControllerActionInvoker invoker, Task lastTask, State next, Scope scope, Object state, Boolean isCompleted)
   at Microsoft.AspNetCore.Mvc.Infrastructure.ControllerActionInvoker.Rethrow(ActionExecutedContextSealed context)
   at Microsoft.AspNetCore.Mvc.Infrastructure.ControllerActionInvoker.Next(State& next, Scope& scope, Object& state, Boolean& isCompleted)
   at Microsoft.AspNetCore.Mvc.Infrastructure.ControllerActionInvoker.<InvokeInnerFilterAsync>g__Awaited|13_0(ControllerActionInvoker invoker, Task lastTask, State next, Scope scope, Object state, Boolean isCompleted)
   at Microsoft.AspNetCore.Mvc.Infrastructure.ResourceInvoker.<InvokeNextExceptionFilterAsync>g__Awaited|25_0(ResourceInvoker invoker, Task lastTask, State next, Scope scope, Object state, Boolean isCompleted) 
2021-10-14 21:51:28.6193|1|ERROR|Microsoft.AspNetCore.Diagnostics.DeveloperExceptionPageMiddleware|An unhandled exception has occurred while executing the request. Swashbuckle.AspNetCore.SwaggerGen.SwaggerGeneratorException: Conflicting method/path combination "POST api/v1/customer" for actions - VuonDau.WebApi.Controllers.AdminsController.Login (VuonDau.WebApi),VuonDau.WebApi.Controllers.CustomersController.Login (VuonDau.WebApi). Actions require a unique method/path combination for Swagger/OpenAPI 3.0. Use ConflictingActionsResolver as a workaround
   at Swashbuckle.AspNetCore.SwaggerGen.SwaggerGenerator.GenerateOperations(IEnumerable`1 apiDescriptions, SchemaRepository schemaRepository)
   at Swashbuckle.AspNetCore.SwaggerGen.SwaggerGenerator.GeneratePaths(IEnumerable`1 apiDescriptions, SchemaRepository schemaRepository)
   at Swashbuckle.AspNetCore.SwaggerGen.SwaggerGenerator.GetSwagger(String documentName, String host, String basePath)
   at Swashbuckle.AspNetCore.Swagger.SwaggerMiddleware.Invoke(HttpContext httpContext, ISwaggerProvider swaggerProvider)
   at Microsoft.AspNetCore.Diagnostics.DeveloperExceptionPageMiddleware.Invoke(HttpContext context)
2021-10-14 21:55:42.0644||ERROR|VuonDau.WebApi.Handlers.ErrorHandlingFilter|VuonDau.Data.Common.Constants.ErrorResponse: Exception of type 'VuonDau.Data.Common.Constants.ErrorResponse' was thrown.
   at VuonDau.Business.Services.AdminService.Login(AdminLoginRequest loginRequest, IConfiguration configuration) in C:\Users\vuong\Desktop\SWR-VuonDauBE\vuondauBE\VuonDau.Business\Services\AdminService.cs:line 40
   at VuonDau.WebApi.Controllers.AdminsController.Login(AdminLoginRequest request) in C:\Users\vuong\Desktop\SWR-VuonDauBE\vuondauBE\VuonDau.WebApi\Controllers\AdminsController.cs:line 23
   at Microsoft.AspNetCore.Mvc.Infrastructure.ActionMethodExecutor.TaskOfIActionResultExecutor.Execute(IActionResultTypeMapper mapper, ObjectMethodExecutor executor, Object controller, Object[] arguments)
   at Microsoft.AspNetCore.Mvc.Infrastructure.ControllerActionInvoker.<InvokeActionMethodAsync>g__Awaited|12_0(ControllerActionInvoker invoker, ValueTask`1 actionResultValueTask)
   at Microsoft.AspNetCore.Mvc.Infrastructure.ControllerActionInvoker.<InvokeNextActionFilterAsync>g__Awaited|10_0(ControllerActionInvoker invoker, Task lastTask, State next, Scope scope, Object state, Boolean isCompleted)
   at Microsoft.AspNetCore.Mvc.Infrastructure.ControllerActionInvoker.Rethrow(ActionExecutedContextSealed context)
   at Microsoft.AspNetCore.Mvc.Infrastructure.ControllerActionInvoker.Next(State& next, Scope& scope, Object& state, Boolean& isCompleted)
   at Microsoft.AspNetCore.Mvc.Infrastructure.ControllerActionInvoker.<InvokeInnerFilterAsync>g__Awaited|13_0(ControllerActionInvoker invoker, Task lastTask, State next, Scope scope, Object state, Boolean isCompleted)
   at Microsoft.AspNetCore.Mvc.Infrastructure.ResourceInvoker.<InvokeNextExceptionFilterAsync>g__Awaited|25_0(ResourceInvoker invoker, Task lastTask, State next, Scope scope, Object state, Boolean isCompleted) 
