2021-11-06 11:24:43.3539||ERROR|VuonDau.WebApi.Handlers.ErrorHandlingFilter|AutoMapper.AutoMapperMappingException: Unable to create a map expression from Farm.Area (VuonDau.Data.Models.Area) to Nullable`1.Area (System.Nullable`1[System.Guid])

Mapping types:
Farm -> FarmViewModel
VuonDau.Data.Models.Farm -> VuonDau.Business.ViewModel.FarmViewModel

Type Map configuration:
Farm -> FarmViewModel
VuonDau.Data.Models.Farm -> VuonDau.Business.ViewModel.FarmViewModel

Destination Member:
Area

   at System.Lazy`1.ViaFactory(LazyThreadSafetyMode mode)
   at System.Lazy`1.ExecutionAndPublication(LazyHelper executionAndPublication, Boolean useDefaultConstructor)
   at System.Lazy`1.CreateValue()
   at System.Lazy`1.get_Value()
   at VuonDau.Business.Services.FarmService.GetAllFarms(SearchFarmRequest request) in C:\Users\vuong\Desktop\SWR-VuonDauBE\vuondauBE\VuonDau.Business\Services\FarmService.cs:line 44
   at VuonDau.WebApi.Controllers.FarmsController.GetFarms(SearchFarmRequest request) in C:\Users\vuong\Desktop\SWR-VuonDauBE\vuondauBE\VuonDau.WebApi\Controllers\FarmsController.cs:line 21
   at Microsoft.AspNetCore.Mvc.Infrastructure.ActionMethodExecutor.TaskOfIActionResultExecutor.Execute(IActionResultTypeMapper mapper, ObjectMethodExecutor executor, Object controller, Object[] arguments)
   at Microsoft.AspNetCore.Mvc.Infrastructure.ControllerActionInvoker.<InvokeActionMethodAsync>g__Awaited|12_0(ControllerActionInvoker invoker, ValueTask`1 actionResultValueTask)
   at Microsoft.AspNetCore.Mvc.Infrastructure.ControllerActionInvoker.<InvokeNextActionFilterAsync>g__Awaited|10_0(ControllerActionInvoker invoker, Task lastTask, State next, Scope scope, Object state, Boolean isCompleted)
   at Microsoft.AspNetCore.Mvc.Infrastructure.ControllerActionInvoker.Rethrow(ActionExecutedContextSealed context)
   at Microsoft.AspNetCore.Mvc.Infrastructure.ControllerActionInvoker.Next(State& next, Scope& scope, Object& state, Boolean& isCompleted)
   at Microsoft.AspNetCore.Mvc.Infrastructure.ControllerActionInvoker.InvokeInnerFilterAsync()
--- End of stack trace from previous location ---
   at Microsoft.AspNetCore.Mvc.Infrastructure.ResourceInvoker.<InvokeNextExceptionFilterAsync>g__Awaited|25_0(ResourceInvoker invoker, Task lastTask, State next, Scope scope, Object state, Boolean isCompleted) 
