2021-11-11 00:50:56.1751|1|ERROR|Microsoft.AspNetCore.Diagnostics.DeveloperExceptionPageMiddleware|An unhandled exception has occurred while executing the request. System.InvalidOperationException: The constraint reference 'Guid, status' could not be resolved to a type. Register the constraint type with 'Microsoft.AspNetCore.Routing.RouteOptions.ConstraintMap'.
   at Microsoft.AspNetCore.Routing.DefaultParameterPolicyFactory.Create(RoutePatternParameterPart parameter, String inlineText)
   at Microsoft.AspNetCore.Routing.ParameterPolicyFactory.Create(RoutePatternParameterPart parameter, RoutePatternParameterPolicyReference reference)
   at Microsoft.AspNetCore.Routing.Matching.DfaMatcherBuilder.CreateCandidate(Endpoint endpoint, Int32 score)
   at Microsoft.AspNetCore.Routing.Matching.DfaMatcherBuilder.CreateCandidates(IReadOnlyList`1 endpoints)
   at Microsoft.AspNetCore.Routing.Matching.DfaMatcherBuilder.AddNode(DfaNode node, DfaState[] states, Int32 exitDestination)
   at Microsoft.AspNetCore.Routing.Matching.DfaMatcherBuilder.AddNode(DfaNode node, DfaState[] states, Int32 exitDestination)
   at Microsoft.AspNetCore.Routing.Matching.DfaMatcherBuilder.<AddNode>g__Transition|26_0(DfaNode next, <>c__DisplayClass26_0& )
   at Microsoft.AspNetCore.Routing.Matching.DfaMatcherBuilder.AddNode(DfaNode node, DfaState[] states, Int32 exitDestination)
   at Microsoft.AspNetCore.Routing.Matching.DfaMatcherBuilder.AddNode(DfaNode node, DfaState[] states, Int32 exitDestination)
   at Microsoft.AspNetCore.Routing.Matching.DfaMatcherBuilder.AddNode(DfaNode node, DfaState[] states, Int32 exitDestination)
   at Microsoft.AspNetCore.Routing.Matching.DfaMatcherBuilder.AddNode(DfaNode node, DfaState[] states, Int32 exitDestination)
   at Microsoft.AspNetCore.Routing.Matching.DfaMatcherBuilder.Build()
   at Microsoft.AspNetCore.Routing.Matching.DataSourceDependentMatcher.CreateMatcher(IReadOnlyList`1 endpoints)
   at Microsoft.AspNetCore.Routing.DataSourceDependentCache`1.Initialize()
   at System.Threading.LazyInitializer.EnsureInitializedCore[T](T& target, Boolean& initialized, Object& syncLock, Func`1 valueFactory)
   at System.Threading.LazyInitializer.EnsureInitialized[T](T& target, Boolean& initialized, Object& syncLock, Func`1 valueFactory)
   at Microsoft.AspNetCore.Routing.Matching.DataSourceDependentMatcher..ctor(EndpointDataSource dataSource, Lifetime lifetime, Func`1 matcherBuilderFactory)
   at Microsoft.AspNetCore.Routing.Matching.DfaMatcherFactory.CreateMatcher(EndpointDataSource dataSource)
   at Microsoft.AspNetCore.Routing.EndpointRoutingMiddleware.InitializeCoreAsync()
--- End of stack trace from previous location ---
   at Microsoft.AspNetCore.Routing.EndpointRoutingMiddleware.<Invoke>g__AwaitMatcher|8_0(EndpointRoutingMiddleware middleware, HttpContext httpContext, Task`1 matcherTask)
   at Microsoft.AspNetCore.Diagnostics.DeveloperExceptionPageMiddleware.Invoke(HttpContext context)
2021-11-11 00:50:56.4724|1|ERROR|Microsoft.AspNetCore.Diagnostics.DeveloperExceptionPageMiddleware|An unhandled exception has occurred while executing the request. System.InvalidOperationException: The constraint reference 'Guid, status' could not be resolved to a type. Register the constraint type with 'Microsoft.AspNetCore.Routing.RouteOptions.ConstraintMap'.
   at Microsoft.AspNetCore.Routing.DefaultParameterPolicyFactory.Create(RoutePatternParameterPart parameter, String inlineText)
   at Microsoft.AspNetCore.Routing.ParameterPolicyFactory.Create(RoutePatternParameterPart parameter, RoutePatternParameterPolicyReference reference)
   at Microsoft.AspNetCore.Routing.Matching.DfaMatcherBuilder.CreateCandidate(Endpoint endpoint, Int32 score)
   at Microsoft.AspNetCore.Routing.Matching.DfaMatcherBuilder.CreateCandidates(IReadOnlyList`1 endpoints)
   at Microsoft.AspNetCore.Routing.Matching.DfaMatcherBuilder.AddNode(DfaNode node, DfaState[] states, Int32 exitDestination)
   at Microsoft.AspNetCore.Routing.Matching.DfaMatcherBuilder.AddNode(DfaNode node, DfaState[] states, Int32 exitDestination)
   at Microsoft.AspNetCore.Routing.Matching.DfaMatcherBuilder.<AddNode>g__Transition|26_0(DfaNode next, <>c__DisplayClass26_0& )
   at Microsoft.AspNetCore.Routing.Matching.DfaMatcherBuilder.AddNode(DfaNode node, DfaState[] states, Int32 exitDestination)
   at Microsoft.AspNetCore.Routing.Matching.DfaMatcherBuilder.AddNode(DfaNode node, DfaState[] states, Int32 exitDestination)
   at Microsoft.AspNetCore.Routing.Matching.DfaMatcherBuilder.AddNode(DfaNode node, DfaState[] states, Int32 exitDestination)
   at Microsoft.AspNetCore.Routing.Matching.DfaMatcherBuilder.AddNode(DfaNode node, DfaState[] states, Int32 exitDestination)
   at Microsoft.AspNetCore.Routing.Matching.DfaMatcherBuilder.Build()
   at Microsoft.AspNetCore.Routing.Matching.DataSourceDependentMatcher.CreateMatcher(IReadOnlyList`1 endpoints)
   at Microsoft.AspNetCore.Routing.DataSourceDependentCache`1.Initialize()
   at System.Threading.LazyInitializer.EnsureInitializedCore[T](T& target, Boolean& initialized, Object& syncLock, Func`1 valueFactory)
   at System.Threading.LazyInitializer.EnsureInitialized[T](T& target, Boolean& initialized, Object& syncLock, Func`1 valueFactory)
   at Microsoft.AspNetCore.Routing.Matching.DataSourceDependentMatcher..ctor(EndpointDataSource dataSource, Lifetime lifetime, Func`1 matcherBuilderFactory)
   at Microsoft.AspNetCore.Routing.Matching.DfaMatcherFactory.CreateMatcher(EndpointDataSource dataSource)
   at Microsoft.AspNetCore.Routing.EndpointRoutingMiddleware.InitializeCoreAsync()
--- End of stack trace from previous location ---
   at Microsoft.AspNetCore.Routing.EndpointRoutingMiddleware.<Invoke>g__AwaitMatcher|8_0(EndpointRoutingMiddleware middleware, HttpContext httpContext, Task`1 matcherTask)
   at Microsoft.AspNetCore.Diagnostics.DeveloperExceptionPageMiddleware.Invoke(HttpContext context)
2021-11-11 00:51:47.9777|1|ERROR|Microsoft.AspNetCore.Diagnostics.DeveloperExceptionPageMiddleware|An unhandled exception has occurred while executing the request. System.InvalidOperationException: The constraint reference 'Guid,status' could not be resolved to a type. Register the constraint type with 'Microsoft.AspNetCore.Routing.RouteOptions.ConstraintMap'.
   at Microsoft.AspNetCore.Routing.DefaultParameterPolicyFactory.Create(RoutePatternParameterPart parameter, String inlineText)
   at Microsoft.AspNetCore.Routing.ParameterPolicyFactory.Create(RoutePatternParameterPart parameter, RoutePatternParameterPolicyReference reference)
   at Microsoft.AspNetCore.Routing.Matching.DfaMatcherBuilder.CreateCandidate(Endpoint endpoint, Int32 score)
   at Microsoft.AspNetCore.Routing.Matching.DfaMatcherBuilder.CreateCandidates(IReadOnlyList`1 endpoints)
   at Microsoft.AspNetCore.Routing.Matching.DfaMatcherBuilder.AddNode(DfaNode node, DfaState[] states, Int32 exitDestination)
   at Microsoft.AspNetCore.Routing.Matching.DfaMatcherBuilder.AddNode(DfaNode node, DfaState[] states, Int32 exitDestination)
   at Microsoft.AspNetCore.Routing.Matching.DfaMatcherBuilder.<AddNode>g__Transition|26_0(DfaNode next, <>c__DisplayClass26_0& )
   at Microsoft.AspNetCore.Routing.Matching.DfaMatcherBuilder.AddNode(DfaNode node, DfaState[] states, Int32 exitDestination)
   at Microsoft.AspNetCore.Routing.Matching.DfaMatcherBuilder.AddNode(DfaNode node, DfaState[] states, Int32 exitDestination)
   at Microsoft.AspNetCore.Routing.Matching.DfaMatcherBuilder.AddNode(DfaNode node, DfaState[] states, Int32 exitDestination)
   at Microsoft.AspNetCore.Routing.Matching.DfaMatcherBuilder.AddNode(DfaNode node, DfaState[] states, Int32 exitDestination)
   at Microsoft.AspNetCore.Routing.Matching.DfaMatcherBuilder.Build()
   at Microsoft.AspNetCore.Routing.Matching.DataSourceDependentMatcher.CreateMatcher(IReadOnlyList`1 endpoints)
   at Microsoft.AspNetCore.Routing.DataSourceDependentCache`1.Initialize()
   at System.Threading.LazyInitializer.EnsureInitializedCore[T](T& target, Boolean& initialized, Object& syncLock, Func`1 valueFactory)
   at System.Threading.LazyInitializer.EnsureInitialized[T](T& target, Boolean& initialized, Object& syncLock, Func`1 valueFactory)
   at Microsoft.AspNetCore.Routing.Matching.DataSourceDependentMatcher..ctor(EndpointDataSource dataSource, Lifetime lifetime, Func`1 matcherBuilderFactory)
   at Microsoft.AspNetCore.Routing.Matching.DfaMatcherFactory.CreateMatcher(EndpointDataSource dataSource)
   at Microsoft.AspNetCore.Routing.EndpointRoutingMiddleware.InitializeCoreAsync()
--- End of stack trace from previous location ---
   at Microsoft.AspNetCore.Routing.EndpointRoutingMiddleware.<Invoke>g__AwaitMatcher|8_0(EndpointRoutingMiddleware middleware, HttpContext httpContext, Task`1 matcherTask)
   at Microsoft.AspNetCore.Diagnostics.DeveloperExceptionPageMiddleware.Invoke(HttpContext context)
2021-11-11 00:51:48.2146|1|ERROR|Microsoft.AspNetCore.Diagnostics.DeveloperExceptionPageMiddleware|An unhandled exception has occurred while executing the request. System.InvalidOperationException: The constraint reference 'Guid,status' could not be resolved to a type. Register the constraint type with 'Microsoft.AspNetCore.Routing.RouteOptions.ConstraintMap'.
   at Microsoft.AspNetCore.Routing.DefaultParameterPolicyFactory.Create(RoutePatternParameterPart parameter, String inlineText)
   at Microsoft.AspNetCore.Routing.ParameterPolicyFactory.Create(RoutePatternParameterPart parameter, RoutePatternParameterPolicyReference reference)
   at Microsoft.AspNetCore.Routing.Matching.DfaMatcherBuilder.CreateCandidate(Endpoint endpoint, Int32 score)
   at Microsoft.AspNetCore.Routing.Matching.DfaMatcherBuilder.CreateCandidates(IReadOnlyList`1 endpoints)
   at Microsoft.AspNetCore.Routing.Matching.DfaMatcherBuilder.AddNode(DfaNode node, DfaState[] states, Int32 exitDestination)
   at Microsoft.AspNetCore.Routing.Matching.DfaMatcherBuilder.AddNode(DfaNode node, DfaState[] states, Int32 exitDestination)
   at Microsoft.AspNetCore.Routing.Matching.DfaMatcherBuilder.<AddNode>g__Transition|26_0(DfaNode next, <>c__DisplayClass26_0& )
   at Microsoft.AspNetCore.Routing.Matching.DfaMatcherBuilder.AddNode(DfaNode node, DfaState[] states, Int32 exitDestination)
   at Microsoft.AspNetCore.Routing.Matching.DfaMatcherBuilder.AddNode(DfaNode node, DfaState[] states, Int32 exitDestination)
   at Microsoft.AspNetCore.Routing.Matching.DfaMatcherBuilder.AddNode(DfaNode node, DfaState[] states, Int32 exitDestination)
   at Microsoft.AspNetCore.Routing.Matching.DfaMatcherBuilder.AddNode(DfaNode node, DfaState[] states, Int32 exitDestination)
   at Microsoft.AspNetCore.Routing.Matching.DfaMatcherBuilder.Build()
   at Microsoft.AspNetCore.Routing.Matching.DataSourceDependentMatcher.CreateMatcher(IReadOnlyList`1 endpoints)
   at Microsoft.AspNetCore.Routing.DataSourceDependentCache`1.Initialize()
   at System.Threading.LazyInitializer.EnsureInitializedCore[T](T& target, Boolean& initialized, Object& syncLock, Func`1 valueFactory)
   at System.Threading.LazyInitializer.EnsureInitialized[T](T& target, Boolean& initialized, Object& syncLock, Func`1 valueFactory)
   at Microsoft.AspNetCore.Routing.Matching.DataSourceDependentMatcher..ctor(EndpointDataSource dataSource, Lifetime lifetime, Func`1 matcherBuilderFactory)
   at Microsoft.AspNetCore.Routing.Matching.DfaMatcherFactory.CreateMatcher(EndpointDataSource dataSource)
   at Microsoft.AspNetCore.Routing.EndpointRoutingMiddleware.InitializeCoreAsync()
--- End of stack trace from previous location ---
   at Microsoft.AspNetCore.Routing.EndpointRoutingMiddleware.<Invoke>g__AwaitMatcher|8_0(EndpointRoutingMiddleware middleware, HttpContext httpContext, Task`1 matcherTask)
   at Microsoft.AspNetCore.Diagnostics.DeveloperExceptionPageMiddleware.Invoke(HttpContext context)
